<?xml version="1.0" encoding="UTF-8"?>
<robot generator="Robot 7.1.1 (Python 3.12.7 on win32)" generated="2024-11-22T15:48:54.546738" rpa="false" schemaversion="5">
<suite id="s1" name="dataDriven" source="C:\Code\robotFramework\test\dataDriven.robot">
<test id="s1-t1" name="TC_01_Data_driven_testing_of_patient_enrollment_form_using_excel" line="13">
<kw name="Begin Test" type="SETUP">
<kw name="Open Browser" owner="SeleniumLibrary">
<msg time="2024-11-22T15:48:58.376121" level="INFO">Opening browser 'gc' to base url 'https://form.jotform.com/202409063200136'.</msg>
<arg>${BASE_URL}</arg>
<arg>gc</arg>
<doc>Opens a new browser instance to the optional ``url``.</doc>
<status status="PASS" start="2024-11-22T15:48:58.376121" elapsed="7.289974"/>
</kw>
<kw name="Maximize Browser Window" owner="SeleniumLibrary">
<doc>Maximizes current browser window.</doc>
<status status="PASS" start="2024-11-22T15:49:05.667189" elapsed="0.057896"/>
</kw>
<status status="PASS" start="2024-11-22T15:48:58.376121" elapsed="7.348964"/>
</kw>
<kw name="Fill the new patient enrollment form">
<kw name="Input Text" owner="SeleniumLibrary">
<msg time="2024-11-22T15:49:05.733941" level="INFO">Typing text 'George ' into text field '//input[@id='first_3']'.</msg>
<arg>${LOCATOR_FIRST_NAME}</arg>
<arg>${FIRST_NAME}</arg>
<doc>Types the given ``text`` into the text field identified by ``locator``.</doc>
<status status="PASS" start="2024-11-22T15:49:05.733941" elapsed="0.266714"/>
</kw>
<kw name="Input Text" owner="SeleniumLibrary">
<msg time="2024-11-22T15:49:06.005297" level="INFO">Typing text 'Graham' into text field '//input[@id='last_3']'.</msg>
<arg>${LOCATOR_LAST_NAME}</arg>
<arg>${LAST_NAME}</arg>
<doc>Types the given ``text`` into the text field identified by ``locator``.</doc>
<status status="PASS" start="2024-11-22T15:49:06.005297" elapsed="0.267501"/>
</kw>
<kw name="Sleep" owner="BuiltIn">
<msg time="2024-11-22T15:49:11.273252" level="INFO">Slept 5 seconds.</msg>
<arg>5s</arg>
<doc>Pauses the test executed for the given time.</doc>
<status status="PASS" start="2024-11-22T15:49:06.272798" elapsed="5.000454"/>
</kw>
<kw name="Set Focus To Element" owner="SeleniumLibrary">
<arg>${LOCATOR_MONTH}</arg>
<doc>Sets the focus to the element identified by ``locator``.</doc>
<status status="PASS" start="2024-11-22T15:49:11.273252" elapsed="0.044921"/>
</kw>
<kw name="Click Element" owner="SeleniumLibrary">
<msg time="2024-11-22T15:49:11.318173" level="INFO">Clicking element '//select[@id='input_6_month']'.</msg>
<arg>${LOCATOR_MONTH}</arg>
<doc>Click the element identified by ``locator``.</doc>
<status status="PASS" start="2024-11-22T15:49:11.318173" elapsed="0.193481"/>
</kw>
<kw name="Sleep" owner="BuiltIn">
<msg time="2024-11-22T15:49:16.515210" level="INFO">Slept 5 seconds.</msg>
<arg>5s</arg>
<doc>Pauses the test executed for the given time.</doc>
<status status="PASS" start="2024-11-22T15:49:11.514666" elapsed="5.000544"/>
</kw>
<kw name="Select From List By Index" owner="SeleniumLibrary">
<msg time="2024-11-22T15:49:16.516459" level="INFO">Selecting options from selection list '//select[@id='input_6_month']' by index 2.</msg>
<arg>${LOCATOR_MONTH}</arg>
<arg>${MONTH}</arg>
<doc>Selects options from selection list ``locator`` by ``indexes``.</doc>
<status status="PASS" start="2024-11-22T15:49:16.515945" elapsed="0.215191"/>
</kw>
<kw name="Sleep" owner="BuiltIn">
<msg time="2024-11-22T15:49:21.731495" level="INFO">Slept 5 seconds.</msg>
<arg>5s</arg>
<doc>Pauses the test executed for the given time.</doc>
<status status="PASS" start="2024-11-22T15:49:16.731136" elapsed="5.000359"/>
</kw>
<kw name="Set Focus To Element" owner="SeleniumLibrary">
<arg>${LOCATOR_DAY}</arg>
<doc>Sets the focus to the element identified by ``locator``.</doc>
<status status="PASS" start="2024-11-22T15:49:21.731495" elapsed="0.054366"/>
</kw>
<kw name="Click Element" owner="SeleniumLibrary">
<msg time="2024-11-22T15:49:21.785861" level="INFO">Clicking element '//select[@id='input_6_day']'.</msg>
<arg>${LOCATOR_DAY}</arg>
<doc>Click the element identified by ``locator``.</doc>
<status status="PASS" start="2024-11-22T15:49:21.785861" elapsed="0.152484"/>
</kw>
<kw name="Select From List By Index" owner="SeleniumLibrary">
<msg time="2024-11-22T15:49:21.938345" level="INFO">Selecting options from selection list '//select[@id='input_6_day']' by index 1.</msg>
<arg>${LOCATOR_DAY}</arg>
<arg>${DAY}</arg>
<doc>Selects options from selection list ``locator`` by ``indexes``.</doc>
<status status="PASS" start="2024-11-22T15:49:21.938345" elapsed="0.176858"/>
</kw>
<kw name="Sleep" owner="BuiltIn">
<msg time="2024-11-22T15:49:25.115747" level="INFO">Slept 3 seconds.</msg>
<arg>3s</arg>
<doc>Pauses the test executed for the given time.</doc>
<status status="PASS" start="2024-11-22T15:49:22.115203" elapsed="3.000544"/>
</kw>
<kw name="Set Focus To Element" owner="SeleniumLibrary">
<arg>${LOCATOR_YEAR}</arg>
<doc>Sets the focus to the element identified by ``locator``.</doc>
<status status="PASS" start="2024-11-22T15:49:25.116297" elapsed="0.042515"/>
</kw>
<kw name="Click Element" owner="SeleniumLibrary">
<msg time="2024-11-22T15:49:25.158812" level="INFO">Clicking element '//select[@id='input_6_year']'.</msg>
<arg>${LOCATOR_YEAR}</arg>
<doc>Click the element identified by ``locator``.</doc>
<status status="PASS" start="2024-11-22T15:49:25.158812" elapsed="0.172917"/>
</kw>
<kw name="Sleep" owner="BuiltIn">
<msg time="2024-11-22T15:49:28.332216" level="INFO">Slept 3 seconds.</msg>
<arg>3s</arg>
<doc>Pauses the test executed for the given time.</doc>
<status status="PASS" start="2024-11-22T15:49:25.331729" elapsed="3.000487"/>
</kw>
<kw name="Select From List By Index" owner="SeleniumLibrary">
<msg time="2024-11-22T15:49:28.332216" level="INFO">Selecting options from selection list '//select[@id='input_6_year']' by index 49.</msg>
<arg>${LOCATOR_YEAR}</arg>
<arg>${YEAR}</arg>
<doc>Selects options from selection list ``locator`` by ``indexes``.</doc>
<status status="PASS" start="2024-11-22T15:49:28.332216" elapsed="0.666157"/>
</kw>
<kw name="Continue filling the form - scroll again">
<kw name="Sleep" owner="BuiltIn">
<msg time="2024-11-22T15:49:33.999244" level="INFO">Slept 5 seconds.</msg>
<arg>5s</arg>
<doc>Pauses the test executed for the given time.</doc>
<status status="PASS" start="2024-11-22T15:49:28.998600" elapsed="5.000644"/>
</kw>
<kw name="Execute Javascript" owner="SeleniumLibrary">
<msg time="2024-11-22T15:49:33.999244" level="INFO">Executing JavaScript:
window.scrollTo(0, document.body.scrollHeight)
Without any arguments.</msg>
<arg>window.scrollTo(0, document.body.scrollHeight)</arg>
<doc>Executes the given JavaScript code with possible arguments.</doc>
<status status="PASS" start="2024-11-22T15:49:33.999244" elapsed="0.022654"/>
</kw>
<kw name="Set Focus To Element" owner="SeleniumLibrary">
<arg>${LOCATOR_SEX}</arg>
<doc>Sets the focus to the element identified by ``locator``.</doc>
<status status="PASS" start="2024-11-22T15:49:34.021898" elapsed="0.048462"/>
</kw>
<kw name="Click Element" owner="SeleniumLibrary">
<msg time="2024-11-22T15:49:34.070360" level="INFO">Clicking element '//select[@id='input_231']'.</msg>
<arg>${LOCATOR_SEX}</arg>
<doc>Click the element identified by ``locator``.</doc>
<status status="PASS" start="2024-11-22T15:49:34.070360" elapsed="0.171844"/>
</kw>
<kw name="Select From List By Index" owner="SeleniumLibrary">
<msg time="2024-11-22T15:49:34.246260" level="INFO">Selecting options from selection list '//select[@id='input_231']' by index 1.</msg>
<arg>${LOCATOR_SEX}</arg>
<arg>1</arg>
<doc>Selects options from selection list ``locator`` by ``indexes``.</doc>
<status status="PASS" start="2024-11-22T15:49:34.245747" elapsed="0.168887"/>
</kw>
<kw name="Set Focus To Element" owner="SeleniumLibrary">
<arg>${LOCATOR_CONTACT_NUMBER}</arg>
<doc>Sets the focus to the element identified by ``locator``.</doc>
<status status="PASS" start="2024-11-22T15:49:34.414634" elapsed="0.049206"/>
</kw>
<kw name="Input Text" owner="SeleniumLibrary">
<msg time="2024-11-22T15:49:34.463840" level="INFO">Typing text '1234567890' into text field '//input[@id='input_235_full']'.</msg>
<arg>${LOCATOR_CONTACT_NUMBER}</arg>
<arg>1234567890</arg>
<doc>Types the given ``text`` into the text field identified by ``locator``.</doc>
<status status="PASS" start="2024-11-22T15:49:34.463840" elapsed="0.354870"/>
</kw>
<kw name="Set Focus To Element" owner="SeleniumLibrary">
<arg>${LOCATOR_EMAIL}</arg>
<doc>Sets the focus to the element identified by ``locator``.</doc>
<status status="PASS" start="2024-11-22T15:49:34.818710" elapsed="0.051710"/>
</kw>
<kw name="Input Text" owner="SeleniumLibrary">
<msg time="2024-11-22T15:49:34.870420" level="INFO">Typing text 'reachparimi@gmail.com' into text field '//input[@id='input_225']'.</msg>
<arg>${LOCATOR_EMAIL}</arg>
<arg>reachparimi@gmail.com</arg>
<doc>Types the given ``text`` into the text field identified by ``locator``.</doc>
<status status="PASS" start="2024-11-22T15:49:34.870420" elapsed="0.345675"/>
</kw>
<status status="PASS" start="2024-11-22T15:49:28.998600" elapsed="6.217495"/>
</kw>
<kw name="Continue filling the form - scroll once again">
<kw name="Sleep" owner="BuiltIn">
<msg time="2024-11-22T15:49:40.231738" level="INFO">Slept 5 seconds.</msg>
<arg>5s</arg>
<doc>Pauses the test executed for the given time.</doc>
<status status="PASS" start="2024-11-22T15:49:35.231255" elapsed="5.000483"/>
</kw>
<kw name="Execute Javascript" owner="SeleniumLibrary">
<msg time="2024-11-22T15:49:40.233355" level="INFO">Executing JavaScript:
window.scrollTo(0, document.body.scrollHeight)
Without any arguments.</msg>
<arg>window.scrollTo(0, document.body.scrollHeight)</arg>
<doc>Executes the given JavaScript code with possible arguments.</doc>
<status status="PASS" start="2024-11-22T15:49:40.231738" elapsed="0.019966"/>
</kw>
<kw name="Set Focus To Element" owner="SeleniumLibrary">
<arg>${LOCATOR_MARITAL_STATUS_DROPDOWN}</arg>
<doc>Sets the focus to the element identified by ``locator``.</doc>
<status status="PASS" start="2024-11-22T15:49:40.252599" elapsed="0.044999"/>
</kw>
<kw name="Click Element" owner="SeleniumLibrary">
<msg time="2024-11-22T15:49:40.302144" level="INFO">Clicking element '//select[@id='input_232']'.</msg>
<arg>${LOCATOR_MARITAL_STATUS_DROPDOWN}</arg>
<doc>Click the element identified by ``locator``.</doc>
<status status="PASS" start="2024-11-22T15:49:40.297598" elapsed="0.188398"/>
</kw>
<kw name="Select From List By Index" owner="SeleniumLibrary">
<msg time="2024-11-22T15:49:40.485996" level="INFO">Selecting options from selection list '//select[@id='input_232']' by index 2.</msg>
<arg>${LOCATOR_MARITAL_STATUS_DROPDOWN}</arg>
<arg>2</arg>
<doc>Selects options from selection list ``locator`` by ``indexes``.</doc>
<status status="PASS" start="2024-11-22T15:49:40.485996" elapsed="0.164112"/>
</kw>
<kw name="Set Focus To Element" owner="SeleniumLibrary">
<arg>${LOCATOR_MEDICAL_HISTORY_INPUT_BOX}</arg>
<doc>Sets the focus to the element identified by ``locator``.</doc>
<status status="PASS" start="2024-11-22T15:49:40.651240" elapsed="0.045769"/>
</kw>
<kw name="Input Text" owner="SeleniumLibrary">
<msg time="2024-11-22T15:49:40.697009" level="INFO">Typing text 'sample text' into text field '//textarea[@id='input_22']'.</msg>
<arg>${LOCATOR_MEDICAL_HISTORY_INPUT_BOX}</arg>
<arg>sample text</arg>
<doc>Types the given ``text`` into the text field identified by ``locator``.</doc>
<status status="PASS" start="2024-11-22T15:49:40.697009" elapsed="0.243916"/>
</kw>
<kw name="Click Button" owner="SeleniumLibrary">
<msg time="2024-11-22T15:49:40.940925" level="INFO">Clicking button '//button[@id='input_2']'.</msg>
<arg>${LOCATOR_ENROLL_BUTTON}</arg>
<doc>Clicks the button identified by ``locator``.</doc>
<status status="PASS" start="2024-11-22T15:49:40.940925" elapsed="6.364359"/>
</kw>
<status status="PASS" start="2024-11-22T15:49:35.216095" elapsed="12.089189"/>
</kw>
<arg>FIRST_NAME=George </arg>
<arg>LAST_NAME=Graham</arg>
<arg>MONTH=2</arg>
<arg>DAY=1</arg>
<arg>YEAR=49</arg>
<arg>CONTACT_NUMBER=1234567890</arg>
<arg>SEX=1</arg>
<arg>EMAIL=gg@rrr.com</arg>
<arg>MARITAL_STATUS_DROPDOWN=1</arg>
<arg>ON_MEDS=paracetmol</arg>
<status status="PASS" start="2024-11-22T15:49:05.725085" elapsed="41.580199"/>
</kw>
<kw name="Close Browser" owner="SeleniumLibrary" type="TEARDOWN">
<doc>Closes the current browser.</doc>
<status status="PASS" start="2024-11-22T15:49:47.310474" elapsed="5.238753"/>
</kw>
<status status="PASS" start="2024-11-22T15:48:58.376121" elapsed="54.175127"/>
</test>
<test id="s1-t2" name="TC_01_Data_driven_testing_of_patient_enrollment_form_using_excel" line="13">
<kw name="Begin Test" type="SETUP">
<kw name="Open Browser" owner="SeleniumLibrary">
<msg time="2024-11-22T15:49:52.551248" level="INFO">Opening browser 'gc' to base url 'https://form.jotform.com/202409063200136'.</msg>
<arg>${BASE_URL}</arg>
<arg>gc</arg>
<doc>Opens a new browser instance to the optional ``url``.</doc>
<status status="PASS" start="2024-11-22T15:49:52.551248" elapsed="16.930676"/>
</kw>
<kw name="Maximize Browser Window" owner="SeleniumLibrary">
<doc>Maximizes current browser window.</doc>
<status status="PASS" start="2024-11-22T15:50:09.481924" elapsed="0.046083"/>
</kw>
<status status="PASS" start="2024-11-22T15:49:52.551248" elapsed="16.976759"/>
</kw>
<kw name="Fill the new patient enrollment form">
<kw name="Input Text" owner="SeleniumLibrary">
<msg time="2024-11-22T15:50:09.536362" level="INFO">Typing text 'Bob' into text field '//input[@id='first_3']'.</msg>
<arg>${LOCATOR_FIRST_NAME}</arg>
<arg>${FIRST_NAME}</arg>
<doc>Types the given ``text`` into the text field identified by ``locator``.</doc>
<status status="PASS" start="2024-11-22T15:50:09.536362" elapsed="0.286927"/>
</kw>
<kw name="Input Text" owner="SeleniumLibrary">
<msg time="2024-11-22T15:50:09.824024" level="INFO">Typing text 'Wilson' into text field '//input[@id='last_3']'.</msg>
<arg>${LOCATOR_LAST_NAME}</arg>
<arg>${LAST_NAME}</arg>
<doc>Types the given ``text`` into the text field identified by ``locator``.</doc>
<status status="PASS" start="2024-11-22T15:50:09.823289" elapsed="0.249988"/>
</kw>
<kw name="Sleep" owner="BuiltIn">
<msg time="2024-11-22T15:50:15.073672" level="INFO">Slept 5 seconds.</msg>
<arg>5s</arg>
<doc>Pauses the test executed for the given time.</doc>
<status status="PASS" start="2024-11-22T15:50:10.073277" elapsed="5.000395"/>
</kw>
<kw name="Set Focus To Element" owner="SeleniumLibrary">
<arg>${LOCATOR_MONTH}</arg>
<doc>Sets the focus to the element identified by ``locator``.</doc>
<status status="PASS" start="2024-11-22T15:50:15.073672" elapsed="0.033590"/>
</kw>
<kw name="Click Element" owner="SeleniumLibrary">
<msg time="2024-11-22T15:50:15.109508" level="INFO">Clicking element '//select[@id='input_6_month']'.</msg>
<arg>${LOCATOR_MONTH}</arg>
<doc>Click the element identified by ``locator``.</doc>
<status status="PASS" start="2024-11-22T15:50:15.107262" elapsed="0.229113"/>
</kw>
<kw name="Sleep" owner="BuiltIn">
<msg time="2024-11-22T15:50:20.346689" level="INFO">Slept 5 seconds.</msg>
<arg>5s</arg>
<doc>Pauses the test executed for the given time.</doc>
<status status="PASS" start="2024-11-22T15:50:15.345077" elapsed="5.001612"/>
</kw>
<kw name="Select From List By Index" owner="SeleniumLibrary">
<msg time="2024-11-22T15:50:20.346689" level="INFO">Selecting options from selection list '//select[@id='input_6_month']' by index 3.</msg>
<arg>${LOCATOR_MONTH}</arg>
<arg>${MONTH}</arg>
<doc>Selects options from selection list ``locator`` by ``indexes``.</doc>
<status status="PASS" start="2024-11-22T15:50:20.346689" elapsed="0.136932"/>
</kw>
<kw name="Sleep" owner="BuiltIn">
<msg time="2024-11-22T15:50:25.484274" level="INFO">Slept 5 seconds.</msg>
<arg>5s</arg>
<doc>Pauses the test executed for the given time.</doc>
<status status="PASS" start="2024-11-22T15:50:20.483621" elapsed="5.001272"/>
</kw>
<kw name="Set Focus To Element" owner="SeleniumLibrary">
<arg>${LOCATOR_DAY}</arg>
<doc>Sets the focus to the element identified by ``locator``.</doc>
<status status="PASS" start="2024-11-22T15:50:25.484893" elapsed="0.044743"/>
</kw>
<kw name="Click Element" owner="SeleniumLibrary">
<msg time="2024-11-22T15:50:25.531644" level="INFO">Clicking element '//select[@id='input_6_day']'.</msg>
<arg>${LOCATOR_DAY}</arg>
<doc>Click the element identified by ``locator``.</doc>
<status status="PASS" start="2024-11-22T15:50:25.529636" elapsed="0.149779"/>
</kw>
<kw name="Select From List By Index" owner="SeleniumLibrary">
<msg time="2024-11-22T15:50:25.679415" level="INFO">Selecting options from selection list '//select[@id='input_6_day']' by index 2.</msg>
<arg>${LOCATOR_DAY}</arg>
<arg>${DAY}</arg>
<doc>Selects options from selection list ``locator`` by ``indexes``.</doc>
<status status="PASS" start="2024-11-22T15:50:25.679415" elapsed="0.196713"/>
</kw>
<kw name="Sleep" owner="BuiltIn">
<msg time="2024-11-22T15:50:28.876685" level="INFO">Slept 3 seconds.</msg>
<arg>3s</arg>
<doc>Pauses the test executed for the given time.</doc>
<status status="PASS" start="2024-11-22T15:50:25.876128" elapsed="3.000557"/>
</kw>
<kw name="Set Focus To Element" owner="SeleniumLibrary">
<arg>${LOCATOR_YEAR}</arg>
<doc>Sets the focus to the element identified by ``locator``.</doc>
<status status="PASS" start="2024-11-22T15:50:28.876685" elapsed="0.043866"/>
</kw>
<kw name="Click Element" owner="SeleniumLibrary">
<msg time="2024-11-22T15:50:28.920551" level="INFO">Clicking element '//select[@id='input_6_year']'.</msg>
<arg>${LOCATOR_YEAR}</arg>
<doc>Click the element identified by ``locator``.</doc>
<status status="PASS" start="2024-11-22T15:50:28.920551" elapsed="0.158660"/>
</kw>
<kw name="Sleep" owner="BuiltIn">
<msg time="2024-11-22T15:50:32.081728" level="INFO">Slept 3 seconds.</msg>
<arg>3s</arg>
<doc>Pauses the test executed for the given time.</doc>
<status status="PASS" start="2024-11-22T15:50:29.079211" elapsed="3.002517"/>
</kw>
<kw name="Select From List By Index" owner="SeleniumLibrary">
<msg time="2024-11-22T15:50:32.082881" level="INFO">Selecting options from selection list '//select[@id='input_6_year']' by index 50.</msg>
<arg>${LOCATOR_YEAR}</arg>
<arg>${YEAR}</arg>
<doc>Selects options from selection list ``locator`` by ``indexes``.</doc>
<status status="PASS" start="2024-11-22T15:50:32.081728" elapsed="0.735490"/>
</kw>
<kw name="Continue filling the form - scroll again">
<kw name="Sleep" owner="BuiltIn">
<msg time="2024-11-22T15:50:37.817866" level="INFO">Slept 5 seconds.</msg>
<arg>5s</arg>
<doc>Pauses the test executed for the given time.</doc>
<status status="PASS" start="2024-11-22T15:50:32.817218" elapsed="5.000648"/>
</kw>
<kw name="Execute Javascript" owner="SeleniumLibrary">
<msg time="2024-11-22T15:50:37.817866" level="INFO">Executing JavaScript:
window.scrollTo(0, document.body.scrollHeight)
Without any arguments.</msg>
<arg>window.scrollTo(0, document.body.scrollHeight)</arg>
<doc>Executes the given JavaScript code with possible arguments.</doc>
<status status="PASS" start="2024-11-22T15:50:37.817866" elapsed="0.025541"/>
</kw>
<kw name="Set Focus To Element" owner="SeleniumLibrary">
<arg>${LOCATOR_SEX}</arg>
<doc>Sets the focus to the element identified by ``locator``.</doc>
<status status="PASS" start="2024-11-22T15:50:37.844922" elapsed="0.060201"/>
</kw>
<kw name="Click Element" owner="SeleniumLibrary">
<msg time="2024-11-22T15:50:37.907583" level="INFO">Clicking element '//select[@id='input_231']'.</msg>
<arg>${LOCATOR_SEX}</arg>
<doc>Click the element identified by ``locator``.</doc>
<status status="PASS" start="2024-11-22T15:50:37.905123" elapsed="0.197296"/>
</kw>
<kw name="Select From List By Index" owner="SeleniumLibrary">
<msg time="2024-11-22T15:50:38.103575" level="INFO">Selecting options from selection list '//select[@id='input_231']' by index 1.</msg>
<arg>${LOCATOR_SEX}</arg>
<arg>1</arg>
<doc>Selects options from selection list ``locator`` by ``indexes``.</doc>
<status status="PASS" start="2024-11-22T15:50:38.103575" elapsed="0.162669"/>
</kw>
<kw name="Set Focus To Element" owner="SeleniumLibrary">
<arg>${LOCATOR_CONTACT_NUMBER}</arg>
<doc>Sets the focus to the element identified by ``locator``.</doc>
<status status="PASS" start="2024-11-22T15:50:38.266809" elapsed="0.043368"/>
</kw>
<kw name="Input Text" owner="SeleniumLibrary">
<msg time="2024-11-22T15:50:38.310177" level="INFO">Typing text '1234567890' into text field '//input[@id='input_235_full']'.</msg>
<arg>${LOCATOR_CONTACT_NUMBER}</arg>
<arg>1234567890</arg>
<doc>Types the given ``text`` into the text field identified by ``locator``.</doc>
<status status="PASS" start="2024-11-22T15:50:38.310177" elapsed="0.600071"/>
</kw>
<kw name="Set Focus To Element" owner="SeleniumLibrary">
<arg>${LOCATOR_EMAIL}</arg>
<doc>Sets the focus to the element identified by ``locator``.</doc>
<status status="PASS" start="2024-11-22T15:50:38.910248" elapsed="0.044474"/>
</kw>
<kw name="Input Text" owner="SeleniumLibrary">
<msg time="2024-11-22T15:50:38.958580" level="INFO">Typing text 'reachparimi@gmail.com' into text field '//input[@id='input_225']'.</msg>
<arg>${LOCATOR_EMAIL}</arg>
<arg>reachparimi@gmail.com</arg>
<doc>Types the given ``text`` into the text field identified by ``locator``.</doc>
<status status="PASS" start="2024-11-22T15:50:38.957569" elapsed="0.375908"/>
</kw>
<status status="PASS" start="2024-11-22T15:50:32.817218" elapsed="6.516259"/>
</kw>
<kw name="Continue filling the form - scroll once again">
<kw name="Sleep" owner="BuiltIn">
<msg time="2024-11-22T15:50:44.333963" level="INFO">Slept 5 seconds.</msg>
<arg>5s</arg>
<doc>Pauses the test executed for the given time.</doc>
<status status="PASS" start="2024-11-22T15:50:39.333477" elapsed="5.000486"/>
</kw>
<kw name="Execute Javascript" owner="SeleniumLibrary">
<msg time="2024-11-22T15:50:44.333963" level="INFO">Executing JavaScript:
window.scrollTo(0, document.body.scrollHeight)
Without any arguments.</msg>
<arg>window.scrollTo(0, document.body.scrollHeight)</arg>
<doc>Executes the given JavaScript code with possible arguments.</doc>
<status status="PASS" start="2024-11-22T15:50:44.333963" elapsed="0.020165"/>
</kw>
<kw name="Set Focus To Element" owner="SeleniumLibrary">
<arg>${LOCATOR_MARITAL_STATUS_DROPDOWN}</arg>
<doc>Sets the focus to the element identified by ``locator``.</doc>
<status status="PASS" start="2024-11-22T15:50:44.354646" elapsed="0.059492"/>
</kw>
<kw name="Click Element" owner="SeleniumLibrary">
<msg time="2024-11-22T15:50:44.414138" level="INFO">Clicking element '//select[@id='input_232']'.</msg>
<arg>${LOCATOR_MARITAL_STATUS_DROPDOWN}</arg>
<doc>Click the element identified by ``locator``.</doc>
<status status="PASS" start="2024-11-22T15:50:44.414138" elapsed="0.215028"/>
</kw>
<kw name="Select From List By Index" owner="SeleniumLibrary">
<msg time="2024-11-22T15:50:44.629166" level="INFO">Selecting options from selection list '//select[@id='input_232']' by index 2.</msg>
<arg>${LOCATOR_MARITAL_STATUS_DROPDOWN}</arg>
<arg>2</arg>
<doc>Selects options from selection list ``locator`` by ``indexes``.</doc>
<status status="PASS" start="2024-11-22T15:50:44.629166" elapsed="0.204456"/>
</kw>
<kw name="Set Focus To Element" owner="SeleniumLibrary">
<arg>${LOCATOR_MEDICAL_HISTORY_INPUT_BOX}</arg>
<doc>Sets the focus to the element identified by ``locator``.</doc>
<status status="PASS" start="2024-11-22T15:50:44.833622" elapsed="0.037537"/>
</kw>
<kw name="Input Text" owner="SeleniumLibrary">
<msg time="2024-11-22T15:50:44.872299" level="INFO">Typing text 'sample text' into text field '//textarea[@id='input_22']'.</msg>
<arg>${LOCATOR_MEDICAL_HISTORY_INPUT_BOX}</arg>
<arg>sample text</arg>
<doc>Types the given ``text`` into the text field identified by ``locator``.</doc>
<status status="PASS" start="2024-11-22T15:50:44.872299" elapsed="0.242914"/>
</kw>
<kw name="Click Button" owner="SeleniumLibrary">
<msg time="2024-11-22T15:50:45.115213" level="INFO">Clicking button '//button[@id='input_2']'.</msg>
<arg>${LOCATOR_ENROLL_BUTTON}</arg>
<doc>Clicks the button identified by ``locator``.</doc>
<status status="PASS" start="2024-11-22T15:50:45.115213" elapsed="5.945141"/>
</kw>
<status status="PASS" start="2024-11-22T15:50:39.333477" elapsed="11.726877"/>
</kw>
<arg>FIRST_NAME=Bob</arg>
<arg>LAST_NAME=Wilson</arg>
<arg>MONTH=3</arg>
<arg>DAY=2</arg>
<arg>YEAR=50</arg>
<arg>CONTACT_NUMBER=1234567891</arg>
<arg>SEX=3</arg>
<arg>EMAIL=bwilson@rrr.com</arg>
<arg>MARITAL_STATUS_DROPDOWN=2</arg>
<arg>ON_MEDS=Nil</arg>
<status status="PASS" start="2024-11-22T15:50:09.535166" elapsed="41.525188"/>
</kw>
<kw name="Close Browser" owner="SeleniumLibrary" type="TEARDOWN">
<doc>Closes the current browser.</doc>
<status status="PASS" start="2024-11-22T15:50:51.061733" elapsed="5.148780"/>
</kw>
<status status="PASS" start="2024-11-22T15:49:52.551248" elapsed="63.659265"/>
</test>
<test id="s1-t3" name="TC_01_Data_driven_testing_of_patient_enrollment_form_using_excel" line="13">
<kw name="Begin Test" type="SETUP">
<kw name="Open Browser" owner="SeleniumLibrary">
<msg time="2024-11-22T15:50:56.214528" level="INFO">Opening browser 'gc' to base url 'https://form.jotform.com/202409063200136'.</msg>
<arg>${BASE_URL}</arg>
<arg>gc</arg>
<doc>Opens a new browser instance to the optional ``url``.</doc>
<status status="PASS" start="2024-11-22T15:50:56.214528" elapsed="16.243247"/>
</kw>
<kw name="Maximize Browser Window" owner="SeleniumLibrary">
<doc>Maximizes current browser window.</doc>
<status status="PASS" start="2024-11-22T15:51:12.457775" elapsed="0.059486"/>
</kw>
<status status="PASS" start="2024-11-22T15:50:56.214528" elapsed="16.302733"/>
</kw>
<kw name="Fill the new patient enrollment form">
<kw name="Input Text" owner="SeleniumLibrary">
<msg time="2024-11-22T15:51:12.521830" level="INFO">Typing text 'Steve' into text field '//input[@id='first_3']'.</msg>
<arg>${LOCATOR_FIRST_NAME}</arg>
<arg>${FIRST_NAME}</arg>
<doc>Types the given ``text`` into the text field identified by ``locator``.</doc>
<status status="PASS" start="2024-11-22T15:51:12.520789" elapsed="0.303382"/>
</kw>
<kw name="Input Text" owner="SeleniumLibrary">
<msg time="2024-11-22T15:51:12.824171" level="INFO">Typing text 'Sidwell' into text field '//input[@id='last_3']'.</msg>
<arg>${LOCATOR_LAST_NAME}</arg>
<arg>${LAST_NAME}</arg>
<doc>Types the given ``text`` into the text field identified by ``locator``.</doc>
<status status="PASS" start="2024-11-22T15:51:12.824171" elapsed="0.254681"/>
</kw>
<kw name="Sleep" owner="BuiltIn">
<msg time="2024-11-22T15:51:18.079439" level="INFO">Slept 5 seconds.</msg>
<arg>5s</arg>
<doc>Pauses the test executed for the given time.</doc>
<status status="PASS" start="2024-11-22T15:51:13.078852" elapsed="5.000587"/>
</kw>
<kw name="Set Focus To Element" owner="SeleniumLibrary">
<arg>${LOCATOR_MONTH}</arg>
<doc>Sets the focus to the element identified by ``locator``.</doc>
<status status="PASS" start="2024-11-22T15:51:18.079439" elapsed="0.054823"/>
</kw>
<kw name="Click Element" owner="SeleniumLibrary">
<msg time="2024-11-22T15:51:18.134262" level="INFO">Clicking element '//select[@id='input_6_month']'.</msg>
<arg>${LOCATOR_MONTH}</arg>
<doc>Click the element identified by ``locator``.</doc>
<status status="PASS" start="2024-11-22T15:51:18.134262" elapsed="0.218358"/>
</kw>
<kw name="Sleep" owner="BuiltIn">
<msg time="2024-11-22T15:51:23.353259" level="INFO">Slept 5 seconds.</msg>
<arg>5s</arg>
<doc>Pauses the test executed for the given time.</doc>
<status status="PASS" start="2024-11-22T15:51:18.352620" elapsed="5.000639"/>
</kw>
<kw name="Select From List By Index" owner="SeleniumLibrary">
<msg time="2024-11-22T15:51:23.353259" level="INFO">Selecting options from selection list '//select[@id='input_6_month']' by index 4.</msg>
<arg>${LOCATOR_MONTH}</arg>
<arg>${MONTH}</arg>
<doc>Selects options from selection list ``locator`` by ``indexes``.</doc>
<status status="PASS" start="2024-11-22T15:51:23.353259" elapsed="0.218290"/>
</kw>
<kw name="Sleep" owner="BuiltIn">
<msg time="2024-11-22T15:51:28.573270" level="INFO">Slept 5 seconds.</msg>
<arg>5s</arg>
<doc>Pauses the test executed for the given time.</doc>
<status status="PASS" start="2024-11-22T15:51:23.571549" elapsed="5.001721"/>
</kw>
<kw name="Set Focus To Element" owner="SeleniumLibrary">
<arg>${LOCATOR_DAY}</arg>
<doc>Sets the focus to the element identified by ``locator``.</doc>
<status status="PASS" start="2024-11-22T15:51:28.573270" elapsed="0.051510"/>
</kw>
<kw name="Click Element" owner="SeleniumLibrary">
<msg time="2024-11-22T15:51:28.624780" level="INFO">Clicking element '//select[@id='input_6_day']'.</msg>
<arg>${LOCATOR_DAY}</arg>
<doc>Click the element identified by ``locator``.</doc>
<status status="PASS" start="2024-11-22T15:51:28.624780" elapsed="0.144513"/>
</kw>
<kw name="Select From List By Index" owner="SeleniumLibrary">
<msg time="2024-11-22T15:51:28.769293" level="INFO">Selecting options from selection list '//select[@id='input_6_day']' by index 3.</msg>
<arg>${LOCATOR_DAY}</arg>
<arg>${DAY}</arg>
<doc>Selects options from selection list ``locator`` by ``indexes``.</doc>
<status status="PASS" start="2024-11-22T15:51:28.769293" elapsed="0.245911"/>
</kw>
<kw name="Sleep" owner="BuiltIn">
<msg time="2024-11-22T15:51:32.015703" level="INFO">Slept 3 seconds.</msg>
<arg>3s</arg>
<doc>Pauses the test executed for the given time.</doc>
<status status="PASS" start="2024-11-22T15:51:29.015204" elapsed="3.000499"/>
</kw>
<kw name="Set Focus To Element" owner="SeleniumLibrary">
<arg>${LOCATOR_YEAR}</arg>
<doc>Sets the focus to the element identified by ``locator``.</doc>
<status status="PASS" start="2024-11-22T15:51:32.015703" elapsed="0.057983"/>
</kw>
<kw name="Click Element" owner="SeleniumLibrary">
<msg time="2024-11-22T15:51:32.074469" level="INFO">Clicking element '//select[@id='input_6_year']'.</msg>
<arg>${LOCATOR_YEAR}</arg>
<doc>Click the element identified by ``locator``.</doc>
<status status="PASS" start="2024-11-22T15:51:32.073686" elapsed="0.165534"/>
</kw>
<kw name="Sleep" owner="BuiltIn">
<msg time="2024-11-22T15:51:35.240768" level="INFO">Slept 3 seconds.</msg>
<arg>3s</arg>
<doc>Pauses the test executed for the given time.</doc>
<status status="PASS" start="2024-11-22T15:51:32.239502" elapsed="3.001266"/>
</kw>
<kw name="Select From List By Index" owner="SeleniumLibrary">
<msg time="2024-11-22T15:51:35.241429" level="INFO">Selecting options from selection list '//select[@id='input_6_year']' by index 51.</msg>
<arg>${LOCATOR_YEAR}</arg>
<arg>${YEAR}</arg>
<doc>Selects options from selection list ``locator`` by ``indexes``.</doc>
<status status="PASS" start="2024-11-22T15:51:35.241429" elapsed="0.740306"/>
</kw>
<kw name="Continue filling the form - scroll again">
<kw name="Sleep" owner="BuiltIn">
<msg time="2024-11-22T15:51:40.981981" level="INFO">Slept 5 seconds.</msg>
<arg>5s</arg>
<doc>Pauses the test executed for the given time.</doc>
<status status="PASS" start="2024-11-22T15:51:35.981735" elapsed="5.000246"/>
</kw>
<kw name="Execute Javascript" owner="SeleniumLibrary">
<msg time="2024-11-22T15:51:40.981981" level="INFO">Executing JavaScript:
window.scrollTo(0, document.body.scrollHeight)
Without any arguments.</msg>
<arg>window.scrollTo(0, document.body.scrollHeight)</arg>
<doc>Executes the given JavaScript code with possible arguments.</doc>
<status status="PASS" start="2024-11-22T15:51:40.981981" elapsed="0.022359"/>
</kw>
<kw name="Set Focus To Element" owner="SeleniumLibrary">
<arg>${LOCATOR_SEX}</arg>
<doc>Sets the focus to the element identified by ``locator``.</doc>
<status status="PASS" start="2024-11-22T15:51:41.004340" elapsed="0.060167"/>
</kw>
<kw name="Click Element" owner="SeleniumLibrary">
<msg time="2024-11-22T15:51:41.064507" level="INFO">Clicking element '//select[@id='input_231']'.</msg>
<arg>${LOCATOR_SEX}</arg>
<doc>Click the element identified by ``locator``.</doc>
<status status="PASS" start="2024-11-22T15:51:41.064507" elapsed="0.187067"/>
</kw>
<kw name="Select From List By Index" owner="SeleniumLibrary">
<msg time="2024-11-22T15:51:41.251574" level="INFO">Selecting options from selection list '//select[@id='input_231']' by index 1.</msg>
<arg>${LOCATOR_SEX}</arg>
<arg>1</arg>
<doc>Selects options from selection list ``locator`` by ``indexes``.</doc>
<status status="PASS" start="2024-11-22T15:51:41.251574" elapsed="0.174467"/>
</kw>
<kw name="Set Focus To Element" owner="SeleniumLibrary">
<arg>${LOCATOR_CONTACT_NUMBER}</arg>
<doc>Sets the focus to the element identified by ``locator``.</doc>
<status status="PASS" start="2024-11-22T15:51:41.426414" elapsed="0.068590"/>
</kw>
<kw name="Input Text" owner="SeleniumLibrary">
<msg time="2024-11-22T15:51:41.495004" level="INFO">Typing text '1234567890' into text field '//input[@id='input_235_full']'.</msg>
<arg>${LOCATOR_CONTACT_NUMBER}</arg>
<arg>1234567890</arg>
<doc>Types the given ``text`` into the text field identified by ``locator``.</doc>
<status status="PASS" start="2024-11-22T15:51:41.495004" elapsed="0.353279"/>
</kw>
<kw name="Set Focus To Element" owner="SeleniumLibrary">
<arg>${LOCATOR_EMAIL}</arg>
<doc>Sets the focus to the element identified by ``locator``.</doc>
<status status="PASS" start="2024-11-22T15:51:41.848283" elapsed="0.067367"/>
</kw>
<kw name="Input Text" owner="SeleniumLibrary">
<msg time="2024-11-22T15:51:41.915650" level="INFO">Typing text 'reachparimi@gmail.com' into text field '//input[@id='input_225']'.</msg>
<arg>${LOCATOR_EMAIL}</arg>
<arg>reachparimi@gmail.com</arg>
<doc>Types the given ``text`` into the text field identified by ``locator``.</doc>
<status status="PASS" start="2024-11-22T15:51:41.915650" elapsed="0.399317"/>
</kw>
<status status="PASS" start="2024-11-22T15:51:35.981735" elapsed="6.333232"/>
</kw>
<kw name="Continue filling the form - scroll once again">
<kw name="Sleep" owner="BuiltIn">
<msg time="2024-11-22T15:51:47.315503" level="INFO">Slept 5 seconds.</msg>
<arg>5s</arg>
<doc>Pauses the test executed for the given time.</doc>
<status status="PASS" start="2024-11-22T15:51:42.314967" elapsed="5.000536"/>
</kw>
<kw name="Execute Javascript" owner="SeleniumLibrary">
<msg time="2024-11-22T15:51:47.315503" level="INFO">Executing JavaScript:
window.scrollTo(0, document.body.scrollHeight)
Without any arguments.</msg>
<arg>window.scrollTo(0, document.body.scrollHeight)</arg>
<doc>Executes the given JavaScript code with possible arguments.</doc>
<status status="PASS" start="2024-11-22T15:51:47.315503" elapsed="0.013644"/>
</kw>
<kw name="Set Focus To Element" owner="SeleniumLibrary">
<arg>${LOCATOR_MARITAL_STATUS_DROPDOWN}</arg>
<doc>Sets the focus to the element identified by ``locator``.</doc>
<status status="PASS" start="2024-11-22T15:51:47.329147" elapsed="0.049324"/>
</kw>
<kw name="Click Element" owner="SeleniumLibrary">
<msg time="2024-11-22T15:51:47.378471" level="INFO">Clicking element '//select[@id='input_232']'.</msg>
<arg>${LOCATOR_MARITAL_STATUS_DROPDOWN}</arg>
<doc>Click the element identified by ``locator``.</doc>
<status status="PASS" start="2024-11-22T15:51:47.378471" elapsed="0.185373"/>
</kw>
<kw name="Select From List By Index" owner="SeleniumLibrary">
<msg time="2024-11-22T15:51:47.563844" level="INFO">Selecting options from selection list '//select[@id='input_232']' by index 2.</msg>
<arg>${LOCATOR_MARITAL_STATUS_DROPDOWN}</arg>
<arg>2</arg>
<doc>Selects options from selection list ``locator`` by ``indexes``.</doc>
<status status="PASS" start="2024-11-22T15:51:47.563844" elapsed="0.214288"/>
</kw>
<kw name="Set Focus To Element" owner="SeleniumLibrary">
<arg>${LOCATOR_MEDICAL_HISTORY_INPUT_BOX}</arg>
<doc>Sets the focus to the element identified by ``locator``.</doc>
<status status="PASS" start="2024-11-22T15:51:47.780144" elapsed="0.040796"/>
</kw>
<kw name="Input Text" owner="SeleniumLibrary">
<msg time="2024-11-22T15:51:47.820940" level="INFO">Typing text 'sample text' into text field '//textarea[@id='input_22']'.</msg>
<arg>${LOCATOR_MEDICAL_HISTORY_INPUT_BOX}</arg>
<arg>sample text</arg>
<doc>Types the given ``text`` into the text field identified by ``locator``.</doc>
<status status="PASS" start="2024-11-22T15:51:47.820940" elapsed="0.256281"/>
</kw>
<kw name="Click Button" owner="SeleniumLibrary">
<msg time="2024-11-22T15:51:48.077221" level="INFO">Clicking button '//button[@id='input_2']'.</msg>
<arg>${LOCATOR_ENROLL_BUTTON}</arg>
<doc>Clicks the button identified by ``locator``.</doc>
<status status="PASS" start="2024-11-22T15:51:48.077221" elapsed="2.047556"/>
</kw>
<status status="PASS" start="2024-11-22T15:51:42.314967" elapsed="7.809810"/>
</kw>
<arg>FIRST_NAME=Steve</arg>
<arg>LAST_NAME=Sidwell</arg>
<arg>MONTH=4</arg>
<arg>DAY=3</arg>
<arg>YEAR=51</arg>
<arg>CONTACT_NUMBER=1234567892</arg>
<arg>SEX=3</arg>
<arg>EMAIL=ss@rrr.com</arg>
<arg>MARITAL_STATUS_DROPDOWN=3</arg>
<arg>ON_MEDS=Nil</arg>
<status status="PASS" start="2024-11-22T15:51:12.517261" elapsed="37.607516"/>
</kw>
<kw name="Close Browser" owner="SeleniumLibrary" type="TEARDOWN">
<doc>Closes the current browser.</doc>
<status status="PASS" start="2024-11-22T15:51:50.124777" elapsed="5.404759"/>
</kw>
<status status="PASS" start="2024-11-22T15:50:56.210513" elapsed="59.319023"/>
</test>
<test id="s1-t4" name="TC_01_Data_driven_testing_of_patient_enrollment_form_using_excel" line="13">
<kw name="Begin Test" type="SETUP">
<kw name="Open Browser" owner="SeleniumLibrary">
<msg time="2024-11-22T15:51:55.529536" level="INFO">Opening browser 'gc' to base url 'https://form.jotform.com/202409063200136'.</msg>
<arg>${BASE_URL}</arg>
<arg>gc</arg>
<doc>Opens a new browser instance to the optional ``url``.</doc>
<status status="PASS" start="2024-11-22T15:51:55.529536" elapsed="10.204387"/>
</kw>
<kw name="Maximize Browser Window" owner="SeleniumLibrary">
<doc>Maximizes current browser window.</doc>
<status status="PASS" start="2024-11-22T15:52:05.733923" elapsed="0.058510"/>
</kw>
<status status="PASS" start="2024-11-22T15:51:55.529536" elapsed="10.262897"/>
</kw>
<kw name="Fill the new patient enrollment form">
<kw name="Input Text" owner="SeleniumLibrary">
<msg time="2024-11-22T15:52:05.799288" level="INFO">Typing text 'Mezut' into text field '//input[@id='first_3']'.</msg>
<arg>${LOCATOR_FIRST_NAME}</arg>
<arg>${FIRST_NAME}</arg>
<doc>Types the given ``text`` into the text field identified by ``locator``.</doc>
<status status="PASS" start="2024-11-22T15:52:05.797443" elapsed="0.309868"/>
</kw>
<kw name="Input Text" owner="SeleniumLibrary">
<msg time="2024-11-22T15:52:06.107311" level="INFO">Typing text 'Ozil' into text field '//input[@id='last_3']'.</msg>
<arg>${LOCATOR_LAST_NAME}</arg>
<arg>${LAST_NAME}</arg>
<doc>Types the given ``text`` into the text field identified by ``locator``.</doc>
<status status="PASS" start="2024-11-22T15:52:06.107311" elapsed="0.288679"/>
</kw>
<kw name="Sleep" owner="BuiltIn">
<msg time="2024-11-22T15:52:11.396427" level="INFO">Slept 5 seconds.</msg>
<arg>5s</arg>
<doc>Pauses the test executed for the given time.</doc>
<status status="PASS" start="2024-11-22T15:52:06.395990" elapsed="5.000437"/>
</kw>
<kw name="Set Focus To Element" owner="SeleniumLibrary">
<arg>${LOCATOR_MONTH}</arg>
<doc>Sets the focus to the element identified by ``locator``.</doc>
<status status="PASS" start="2024-11-22T15:52:11.396427" elapsed="0.042535"/>
</kw>
<kw name="Click Element" owner="SeleniumLibrary">
<msg time="2024-11-22T15:52:11.439990" level="INFO">Clicking element '//select[@id='input_6_month']'.</msg>
<arg>${LOCATOR_MONTH}</arg>
<doc>Click the element identified by ``locator``.</doc>
<status status="PASS" start="2024-11-22T15:52:11.438962" elapsed="0.214757"/>
</kw>
<kw name="Sleep" owner="BuiltIn">
<msg time="2024-11-22T15:52:16.656006" level="INFO">Slept 5 seconds.</msg>
<arg>5s</arg>
<doc>Pauses the test executed for the given time.</doc>
<status status="PASS" start="2024-11-22T15:52:11.653719" elapsed="5.002287"/>
</kw>
<kw name="Select From List By Index" owner="SeleniumLibrary">
<msg time="2024-11-22T15:52:16.656006" level="INFO">Selecting options from selection list '//select[@id='input_6_month']' by index 5.</msg>
<arg>${LOCATOR_MONTH}</arg>
<arg>${MONTH}</arg>
<doc>Selects options from selection list ``locator`` by ``indexes``.</doc>
<status status="PASS" start="2024-11-22T15:52:16.656006" elapsed="0.250556"/>
</kw>
<kw name="Sleep" owner="BuiltIn">
<msg time="2024-11-22T15:52:21.907233" level="INFO">Slept 5 seconds.</msg>
<arg>5s</arg>
<doc>Pauses the test executed for the given time.</doc>
<status status="PASS" start="2024-11-22T15:52:16.906562" elapsed="5.000671"/>
</kw>
<kw name="Set Focus To Element" owner="SeleniumLibrary">
<arg>${LOCATOR_DAY}</arg>
<doc>Sets the focus to the element identified by ``locator``.</doc>
<status status="PASS" start="2024-11-22T15:52:21.907233" elapsed="0.052462"/>
</kw>
<kw name="Click Element" owner="SeleniumLibrary">
<msg time="2024-11-22T15:52:21.959695" level="INFO">Clicking element '//select[@id='input_6_day']'.</msg>
<arg>${LOCATOR_DAY}</arg>
<doc>Click the element identified by ``locator``.</doc>
<status status="PASS" start="2024-11-22T15:52:21.959695" elapsed="0.185354"/>
</kw>
<kw name="Select From List By Index" owner="SeleniumLibrary">
<msg time="2024-11-22T15:52:22.145049" level="INFO">Selecting options from selection list '//select[@id='input_6_day']' by index 4.</msg>
<arg>${LOCATOR_DAY}</arg>
<arg>${DAY}</arg>
<doc>Selects options from selection list ``locator`` by ``indexes``.</doc>
<status status="PASS" start="2024-11-22T15:52:22.145049" elapsed="0.231448"/>
</kw>
<kw name="Sleep" owner="BuiltIn">
<msg time="2024-11-22T15:52:25.377020" level="INFO">Slept 3 seconds.</msg>
<arg>3s</arg>
<doc>Pauses the test executed for the given time.</doc>
<status status="PASS" start="2024-11-22T15:52:22.376497" elapsed="3.000523"/>
</kw>
<kw name="Set Focus To Element" owner="SeleniumLibrary">
<arg>${LOCATOR_YEAR}</arg>
<doc>Sets the focus to the element identified by ``locator``.</doc>
<status status="PASS" start="2024-11-22T15:52:25.377020" elapsed="0.043243"/>
</kw>
<kw name="Click Element" owner="SeleniumLibrary">
<msg time="2024-11-22T15:52:25.421279" level="INFO">Clicking element '//select[@id='input_6_year']'.</msg>
<arg>${LOCATOR_YEAR}</arg>
<doc>Click the element identified by ``locator``.</doc>
<status status="PASS" start="2024-11-22T15:52:25.420263" elapsed="0.164650"/>
</kw>
<kw name="Sleep" owner="BuiltIn">
<msg time="2024-11-22T15:52:28.586795" level="INFO">Slept 3 seconds.</msg>
<arg>3s</arg>
<doc>Pauses the test executed for the given time.</doc>
<status status="PASS" start="2024-11-22T15:52:25.586609" elapsed="3.000186"/>
</kw>
<kw name="Select From List By Index" owner="SeleniumLibrary">
<msg time="2024-11-22T15:52:28.587320" level="INFO">Selecting options from selection list '//select[@id='input_6_year']' by index 52.</msg>
<arg>${LOCATOR_YEAR}</arg>
<arg>${YEAR}</arg>
<doc>Selects options from selection list ``locator`` by ``indexes``.</doc>
<status status="PASS" start="2024-11-22T15:52:28.587320" elapsed="0.688055"/>
</kw>
<kw name="Continue filling the form - scroll again">
<kw name="Sleep" owner="BuiltIn">
<msg time="2024-11-22T15:52:34.276931" level="INFO">Slept 5 seconds.</msg>
<arg>5s</arg>
<doc>Pauses the test executed for the given time.</doc>
<status status="PASS" start="2024-11-22T15:52:29.276289" elapsed="5.000642"/>
</kw>
<kw name="Execute Javascript" owner="SeleniumLibrary">
<msg time="2024-11-22T15:52:34.278013" level="INFO">Executing JavaScript:
window.scrollTo(0, document.body.scrollHeight)
Without any arguments.</msg>
<arg>window.scrollTo(0, document.body.scrollHeight)</arg>
<doc>Executes the given JavaScript code with possible arguments.</doc>
<status status="PASS" start="2024-11-22T15:52:34.278013" elapsed="0.024071"/>
</kw>
<kw name="Set Focus To Element" owner="SeleniumLibrary">
<arg>${LOCATOR_SEX}</arg>
<doc>Sets the focus to the element identified by ``locator``.</doc>
<status status="PASS" start="2024-11-22T15:52:34.302084" elapsed="0.048977"/>
</kw>
<kw name="Click Element" owner="SeleniumLibrary">
<msg time="2024-11-22T15:52:34.352440" level="INFO">Clicking element '//select[@id='input_231']'.</msg>
<arg>${LOCATOR_SEX}</arg>
<doc>Click the element identified by ``locator``.</doc>
<status status="PASS" start="2024-11-22T15:52:34.351847" elapsed="0.193431"/>
</kw>
<kw name="Select From List By Index" owner="SeleniumLibrary">
<msg time="2024-11-22T15:52:34.552438" level="INFO">Selecting options from selection list '//select[@id='input_231']' by index 1.</msg>
<arg>${LOCATOR_SEX}</arg>
<arg>1</arg>
<doc>Selects options from selection list ``locator`` by ``indexes``.</doc>
<status status="PASS" start="2024-11-22T15:52:34.552313" elapsed="0.197600"/>
</kw>
<kw name="Set Focus To Element" owner="SeleniumLibrary">
<arg>${LOCATOR_CONTACT_NUMBER}</arg>
<doc>Sets the focus to the element identified by ``locator``.</doc>
<status status="PASS" start="2024-11-22T15:52:34.749913" elapsed="0.059672"/>
</kw>
<kw name="Input Text" owner="SeleniumLibrary">
<msg time="2024-11-22T15:52:34.809585" level="INFO">Typing text '1234567890' into text field '//input[@id='input_235_full']'.</msg>
<arg>${LOCATOR_CONTACT_NUMBER}</arg>
<arg>1234567890</arg>
<doc>Types the given ``text`` into the text field identified by ``locator``.</doc>
<status status="PASS" start="2024-11-22T15:52:34.809585" elapsed="0.521755"/>
</kw>
<kw name="Set Focus To Element" owner="SeleniumLibrary">
<arg>${LOCATOR_EMAIL}</arg>
<doc>Sets the focus to the element identified by ``locator``.</doc>
<status status="PASS" start="2024-11-22T15:52:35.332397" elapsed="0.039373"/>
</kw>
<kw name="Input Text" owner="SeleniumLibrary">
<msg time="2024-11-22T15:52:35.375579" level="INFO">Typing text 'reachparimi@gmail.com' into text field '//input[@id='input_225']'.</msg>
<arg>${LOCATOR_EMAIL}</arg>
<arg>reachparimi@gmail.com</arg>
<doc>Types the given ``text`` into the text field identified by ``locator``.</doc>
<status status="PASS" start="2024-11-22T15:52:35.374566" elapsed="0.346023"/>
</kw>
<status status="PASS" start="2024-11-22T15:52:29.275375" elapsed="6.445214"/>
</kw>
<kw name="Continue filling the form - scroll once again">
<kw name="Sleep" owner="BuiltIn">
<msg time="2024-11-22T15:52:40.721025" level="INFO">Slept 5 seconds.</msg>
<arg>5s</arg>
<doc>Pauses the test executed for the given time.</doc>
<status status="PASS" start="2024-11-22T15:52:35.720589" elapsed="5.000436"/>
</kw>
<kw name="Execute Javascript" owner="SeleniumLibrary">
<msg time="2024-11-22T15:52:40.721025" level="INFO">Executing JavaScript:
window.scrollTo(0, document.body.scrollHeight)
Without any arguments.</msg>
<arg>window.scrollTo(0, document.body.scrollHeight)</arg>
<doc>Executes the given JavaScript code with possible arguments.</doc>
<status status="PASS" start="2024-11-22T15:52:40.721025" elapsed="0.016712"/>
</kw>
<kw name="Set Focus To Element" owner="SeleniumLibrary">
<arg>${LOCATOR_MARITAL_STATUS_DROPDOWN}</arg>
<doc>Sets the focus to the element identified by ``locator``.</doc>
<status status="PASS" start="2024-11-22T15:52:40.739320" elapsed="0.048386"/>
</kw>
<kw name="Click Element" owner="SeleniumLibrary">
<msg time="2024-11-22T15:52:40.787706" level="INFO">Clicking element '//select[@id='input_232']'.</msg>
<arg>${LOCATOR_MARITAL_STATUS_DROPDOWN}</arg>
<doc>Click the element identified by ``locator``.</doc>
<status status="PASS" start="2024-11-22T15:52:40.787706" elapsed="0.192471"/>
</kw>
<kw name="Select From List By Index" owner="SeleniumLibrary">
<msg time="2024-11-22T15:52:40.980696" level="INFO">Selecting options from selection list '//select[@id='input_232']' by index 2.</msg>
<arg>${LOCATOR_MARITAL_STATUS_DROPDOWN}</arg>
<arg>2</arg>
<doc>Selects options from selection list ``locator`` by ``indexes``.</doc>
<status status="PASS" start="2024-11-22T15:52:40.980696" elapsed="0.210876"/>
</kw>
<kw name="Set Focus To Element" owner="SeleniumLibrary">
<arg>${LOCATOR_MEDICAL_HISTORY_INPUT_BOX}</arg>
<doc>Sets the focus to the element identified by ``locator``.</doc>
<status status="PASS" start="2024-11-22T15:52:41.191572" elapsed="0.054671"/>
</kw>
<kw name="Input Text" owner="SeleniumLibrary">
<msg time="2024-11-22T15:52:41.246243" level="INFO">Typing text 'sample text' into text field '//textarea[@id='input_22']'.</msg>
<arg>${LOCATOR_MEDICAL_HISTORY_INPUT_BOX}</arg>
<arg>sample text</arg>
<doc>Types the given ``text`` into the text field identified by ``locator``.</doc>
<status status="PASS" start="2024-11-22T15:52:41.246243" elapsed="0.263236"/>
</kw>
<kw name="Click Button" owner="SeleniumLibrary">
<msg time="2024-11-22T15:52:41.510496" level="INFO">Clicking button '//button[@id='input_2']'.</msg>
<arg>${LOCATOR_ENROLL_BUTTON}</arg>
<doc>Clicks the button identified by ``locator``.</doc>
<status status="PASS" start="2024-11-22T15:52:41.510496" elapsed="4.844789"/>
</kw>
<status status="PASS" start="2024-11-22T15:52:35.720589" elapsed="10.637234"/>
</kw>
<arg>FIRST_NAME=Mezut</arg>
<arg>LAST_NAME=Ozil</arg>
<arg>MONTH=5</arg>
<arg>DAY=4</arg>
<arg>YEAR=52</arg>
<arg>CONTACT_NUMBER=1234567893</arg>
<arg>SEX=0</arg>
<arg>EMAIL=mo@rrr.com</arg>
<arg>MARITAL_STATUS_DROPDOWN=4</arg>
<arg>ON_MEDS=Nil</arg>
<status status="PASS" start="2024-11-22T15:52:05.797443" elapsed="40.560380"/>
</kw>
<kw name="Close Browser" owner="SeleniumLibrary" type="TEARDOWN">
<doc>Closes the current browser.</doc>
<status status="PASS" start="2024-11-22T15:52:46.357823" elapsed="5.391806"/>
</kw>
<status status="PASS" start="2024-11-22T15:51:55.529536" elapsed="56.220093"/>
</test>
<test id="s1-t5" name="TC_01_Data_driven_testing_of_patient_enrollment_form_using_excel" line="13">
<kw name="Begin Test" type="SETUP">
<kw name="Open Browser" owner="SeleniumLibrary">
<msg time="2024-11-22T15:52:51.749629" level="INFO">Opening browser 'gc' to base url 'https://form.jotform.com/202409063200136'.</msg>
<arg>${BASE_URL}</arg>
<arg>gc</arg>
<doc>Opens a new browser instance to the optional ``url``.</doc>
<status status="PASS" start="2024-11-22T15:52:51.749629" elapsed="6.789077"/>
</kw>
<kw name="Maximize Browser Window" owner="SeleniumLibrary">
<doc>Maximizes current browser window.</doc>
<status status="PASS" start="2024-11-22T15:52:58.543236" elapsed="0.055017"/>
</kw>
<status status="PASS" start="2024-11-22T15:52:51.749629" elapsed="6.848624"/>
</kw>
<kw name="Fill the new patient enrollment form">
<kw name="Input Text" owner="SeleniumLibrary">
<msg time="2024-11-22T15:52:58.598253" level="INFO">Typing text 'Chloë Rømer' into text field '//input[@id='first_3']'.</msg>
<arg>${LOCATOR_FIRST_NAME}</arg>
<arg>${FIRST_NAME}</arg>
<doc>Types the given ``text`` into the text field identified by ``locator``.</doc>
<status status="PASS" start="2024-11-22T15:52:58.598253" elapsed="0.270959"/>
</kw>
<kw name="Input Text" owner="SeleniumLibrary">
<msg time="2024-11-22T15:52:58.869212" level="INFO">Typing text 'Rhoshandiatellyneshiaunneveshenk' into text field '//input[@id='last_3']'.</msg>
<arg>${LOCATOR_LAST_NAME}</arg>
<arg>${LAST_NAME}</arg>
<doc>Types the given ``text`` into the text field identified by ``locator``.</doc>
<status status="PASS" start="2024-11-22T15:52:58.869212" elapsed="0.304121"/>
</kw>
<kw name="Sleep" owner="BuiltIn">
<msg time="2024-11-22T15:53:04.173854" level="INFO">Slept 5 seconds.</msg>
<arg>5s</arg>
<doc>Pauses the test executed for the given time.</doc>
<status status="PASS" start="2024-11-22T15:52:59.173333" elapsed="5.000521"/>
</kw>
<kw name="Set Focus To Element" owner="SeleniumLibrary">
<arg>${LOCATOR_MONTH}</arg>
<doc>Sets the focus to the element identified by ``locator``.</doc>
<status status="PASS" start="2024-11-22T15:53:04.173854" elapsed="0.064030"/>
</kw>
<kw name="Click Element" owner="SeleniumLibrary">
<msg time="2024-11-22T15:53:04.237884" level="INFO">Clicking element '//select[@id='input_6_month']'.</msg>
<msg time="2024-11-22T15:53:05.558292" level="INFO" html="true">&lt;/td&gt;&lt;/tr&gt;&lt;tr&gt;&lt;td colspan="3"&gt;&lt;a href="selenium-screenshot-32.png"&gt;&lt;img src="selenium-screenshot-32.png" width="800px"&gt;&lt;/a&gt;</msg>
<msg time="2024-11-22T15:53:05.558292" level="FAIL">ElementClickInterceptedException: Message: element click intercepted: Element &lt;select name="q6_dateOf[month]" id="input_6_month" class="form-dropdown" data-component="birthdate-month" aria-labelledby="label_6 sublabel_6_month"&gt;...&lt;/select&gt; is not clickable at point (613, 513). Other element would receive the click: &lt;div&gt;&lt;/div&gt;
  (Session info: chrome=131.0.6778.86)
Stacktrace:
	GetHandleVerifier [0x00007FF632482775+28773]
	(No symbol) [0x00007FF6323EAFB0]
	(No symbol) [0x00007FF63228552A]
	(No symbol) [0x00007FF6322E0B5E]
	(No symbol) [0x00007FF6322DE5FC]
	(No symbol) [0x00007FF6322DB7E6]
	(No symbol) [0x00007FF6322DA741]
	(No symbol) [0x00007FF6322CC970]
	(No symbol) [0x00007FF6322FEF9A]
	(No symbol) [0x00007FF6322CC1C6]
	(No symbol) [0x00007FF6322FF1B0]
	(No symbol) [0x00007FF63231F1A4]
	(No symbol) [0x00007FF6322FED43]
	(No symbol) [0x00007FF6322CA548]
	(No symbol) [0x00007FF6322CB6B1]
	GetHandleVerifier [0x00007FF6327AF45D+3358029]
	GetHandleVerifier [0x00007FF6327C430D+3443709]
	GetHandleVerifier [0x00007FF6327B83FD+3394797]
	GetHandleVerifier [0x00007FF63254929B+842635]
	(No symbol) [0x00007FF6323F654F]
	(No symbol) [0x00007FF6323F1FA4]
	(No symbol) [0x00007FF6323F213D]
	(No symbol) [0x00007FF6323E1629]
	BaseThreadInitThunk [0x00007FFD46FB259D+29]
	RtlUserThreadStart [0x00007FFD47F8AF38+40]
</msg>
<arg>${LOCATOR_MONTH}</arg>
<doc>Click the element identified by ``locator``.</doc>
<status status="FAIL" start="2024-11-22T15:53:04.237884" elapsed="1.345169">ElementClickInterceptedException: Message: element click intercepted: Element &lt;select name="q6_dateOf[month]" id="input_6_month" class="form-dropdown" data-component="birthdate-month" aria-labelledby="label_6 sublabel_6_month"&gt;...&lt;/select&gt; is not clickable at point (613, 513). Other element would receive the click: &lt;div&gt;&lt;/div&gt;
  (Session info: chrome=131.0.6778.86)
Stacktrace:
	GetHandleVerifier [0x00007FF632482775+28773]
	(No symbol) [0x00007FF6323EAFB0]
	(No symbol) [0x00007FF63228552A]
	(No symbol) [0x00007FF6322E0B5E]
	(No symbol) [0x00007FF6322DE5FC]
	(No symbol) [0x00007FF6322DB7E6]
	(No symbol) [0x00007FF6322DA741]
	(No symbol) [0x00007FF6322CC970]
	(No symbol) [0x00007FF6322FEF9A]
	(No symbol) [0x00007FF6322CC1C6]
	(No symbol) [0x00007FF6322FF1B0]
	(No symbol) [0x00007FF63231F1A4]
	(No symbol) [0x00007FF6322FED43]
	(No symbol) [0x00007FF6322CA548]
	(No symbol) [0x00007FF6322CB6B1]
	GetHandleVerifier [0x00007FF6327AF45D+3358029]
	GetHandleVerifier [0x00007FF6327C430D+3443709]
	GetHandleVerifier [0x00007FF6327B83FD+3394797]
	GetHandleVerifier [0x00007FF63254929B+842635]
	(No symbol) [0x00007FF6323F654F]
	(No symbol) [0x00007FF6323F1FA4]
	(No symbol) [0x00007FF6323F213D]
	(No symbol) [0x00007FF6323E1629]
	BaseThreadInitThunk [0x00007FFD46FB259D+29]
	RtlUserThreadStart [0x00007FFD47F8AF38+40]
</status>
</kw>
<kw name="Sleep" owner="BuiltIn">
<arg>5s</arg>
<doc>Pauses the test executed for the given time.</doc>
<status status="NOT RUN" start="2024-11-22T15:53:05.583053" elapsed="0.000000"/>
</kw>
<kw name="Select From List By Index" owner="SeleniumLibrary">
<arg>${LOCATOR_MONTH}</arg>
<arg>${MONTH}</arg>
<doc>Selects options from selection list ``locator`` by ``indexes``.</doc>
<status status="NOT RUN" start="2024-11-22T15:53:05.583053" elapsed="0.000000"/>
</kw>
<kw name="Sleep" owner="BuiltIn">
<arg>5s</arg>
<doc>Pauses the test executed for the given time.</doc>
<status status="NOT RUN" start="2024-11-22T15:53:05.583053" elapsed="0.000000"/>
</kw>
<kw name="Set Focus To Element" owner="SeleniumLibrary">
<arg>${LOCATOR_DAY}</arg>
<doc>Sets the focus to the element identified by ``locator``.</doc>
<status status="NOT RUN" start="2024-11-22T15:53:05.583053" elapsed="0.000000"/>
</kw>
<kw name="Click Element" owner="SeleniumLibrary">
<arg>${LOCATOR_DAY}</arg>
<doc>Click the element identified by ``locator``.</doc>
<status status="NOT RUN" start="2024-11-22T15:53:05.583053" elapsed="0.000000"/>
</kw>
<kw name="Select From List By Index" owner="SeleniumLibrary">
<arg>${LOCATOR_DAY}</arg>
<arg>${DAY}</arg>
<doc>Selects options from selection list ``locator`` by ``indexes``.</doc>
<status status="NOT RUN" start="2024-11-22T15:53:05.583053" elapsed="0.000000"/>
</kw>
<kw name="Sleep" owner="BuiltIn">
<arg>3s</arg>
<doc>Pauses the test executed for the given time.</doc>
<status status="NOT RUN" start="2024-11-22T15:53:05.583053" elapsed="0.000000"/>
</kw>
<kw name="Set Focus To Element" owner="SeleniumLibrary">
<arg>${LOCATOR_YEAR}</arg>
<doc>Sets the focus to the element identified by ``locator``.</doc>
<status status="NOT RUN" start="2024-11-22T15:53:05.583053" elapsed="0.000000"/>
</kw>
<kw name="Click Element" owner="SeleniumLibrary">
<arg>${LOCATOR_YEAR}</arg>
<doc>Click the element identified by ``locator``.</doc>
<status status="NOT RUN" start="2024-11-22T15:53:05.583053" elapsed="0.000000"/>
</kw>
<kw name="Sleep" owner="BuiltIn">
<arg>3s</arg>
<doc>Pauses the test executed for the given time.</doc>
<status status="NOT RUN" start="2024-11-22T15:53:05.583053" elapsed="0.000000"/>
</kw>
<kw name="Select From List By Index" owner="SeleniumLibrary">
<arg>${LOCATOR_YEAR}</arg>
<arg>${YEAR}</arg>
<doc>Selects options from selection list ``locator`` by ``indexes``.</doc>
<status status="NOT RUN" start="2024-11-22T15:53:05.583053" elapsed="0.000000"/>
</kw>
<kw name="Continue filling the form - scroll again">
<status status="NOT RUN" start="2024-11-22T15:53:05.583053" elapsed="0.000000"/>
</kw>
<kw name="Continue filling the form - scroll once again">
<status status="NOT RUN" start="2024-11-22T15:53:05.583053" elapsed="0.000000"/>
</kw>
<arg>FIRST_NAME=Chloë Rømer</arg>
<arg>LAST_NAME=Rhoshandiatellyneshiaunneveshenk</arg>
<arg>MONTH=6</arg>
<arg>DAY=5</arg>
<arg>YEAR=53</arg>
<arg>CONTACT_NUMBER=1234567894</arg>
<arg>SEX=1</arg>
<arg>EMAIL=suresh.parimi-jr@suresh.museum</arg>
<arg>MARITAL_STATUS_DROPDOWN=5</arg>
<arg>ON_MEDS=Aspirin</arg>
<status status="FAIL" start="2024-11-22T15:52:58.598253" elapsed="6.984800">ElementClickInterceptedException: Message: element click intercepted: Element &lt;select name="q6_dateOf[month]" id="input_6_month" class="form-dropdown" data-component="birthdate-month" aria-labelledby="label_6 sublabel_6_month"&gt;...&lt;/select&gt; is not clickable at point (613, 513). Other element would receive the click: &lt;div&gt;&lt;/div&gt;
  (Session info: chrome=131.0.6778.86)
Stacktrace:
	GetHandleVerifier [0x00007FF632482775+28773]
	(No symbol) [0x00007FF6323EAFB0]
	(No symbol) [0x00007FF63228552A]
	(No symbol) [0x00007FF6322E0B5E]
	(No symbol) [0x00007FF6322DE5FC]
	(No symbol) [0x00007FF6322DB7E6]
	(No symbol) [0x00007FF6322DA741]
	(No symbol) [0x00007FF6322CC970]
	(No symbol) [0x00007FF6322FEF9A]
	(No symbol) [0x00007FF6322CC1C6]
	(No symbol) [0x00007FF6322FF1B0]
	(No symbol) [0x00007FF63231F1A4]
	(No symbol) [0x00007FF6322FED43]
	(No symbol) [0x00007FF6322CA548]
	(No symbol) [0x00007FF6322CB6B1]
	GetHandleVerifier [0x00007FF6327AF45D+3358029]
	GetHandleVerifier [0x00007FF6327C430D+3443709]
	GetHandleVerifier [0x00007FF6327B83FD+3394797]
	GetHandleVerifier [0x00007FF63254929B+842635]
	(No symbol) [0x00007FF6323F654F]
	(No symbol) [0x00007FF6323F1FA4]
	(No symbol) [0x00007FF6323F213D]
	(No symbol) [0x00007FF6323E1629]
	BaseThreadInitThunk [0x00007FFD46FB259D+29]
	RtlUserThreadStart [0x00007FFD47F8AF38+40]
</status>
</kw>
<kw name="Close Browser" owner="SeleniumLibrary" type="TEARDOWN">
<doc>Closes the current browser.</doc>
<status status="PASS" start="2024-11-22T15:53:05.583053" elapsed="5.120085"/>
</kw>
<status status="FAIL" start="2024-11-22T15:52:51.749629" elapsed="18.953509">ElementClickInterceptedException: Message: element click intercepted: Element &lt;select name="q6_dateOf[month]" id="input_6_month" class="form-dropdown" data-component="birthdate-month" aria-labelledby="label_6 sublabel_6_month"&gt;...&lt;/select&gt; is not clickable at point (613, 513). Other element would receive the click: &lt;div&gt;&lt;/div&gt;
  (Session info: chrome=131.0.6778.86)
Stacktrace:
	GetHandleVerifier [0x00007FF632482775+28773]
	(No symbol) [0x00007FF6323EAFB0]
	(No symbol) [0x00007FF63228552A]
	(No symbol) [0x00007FF6322E0B5E]
	(No symbol) [0x00007FF6322DE5FC]
	(No symbol) [0x00007FF6322DB7E6]
	(No symbol) [0x00007FF6322DA741]
	(No symbol) [0x00007FF6322CC970]
	(No symbol) [0x00007FF6322FEF9A]
	(No symbol) [0x00007FF6322CC1C6]
	(No symbol) [0x00007FF6322FF1B0]
	(No symbol) [0x00007FF63231F1A4]
	(No symbol) [0x00007FF6322FED43]
	(No symbol) [0x00007FF6322CA548]
	(No symbol) [0x00007FF6322CB6B1]
	GetHandleVerifier [0x00007FF6327AF45D+3358029]
	GetHandleVerifier [0x00007FF6327C430D+3443709]
	GetHandleVerifier [0x00007FF6327B83FD+3394797]
	GetHandleVerifier [0x00007FF63254929B+842635]
	(No symbol) [0x00007FF6323F654F]
	(No symbol) [0x00007FF6323F1FA4]
	(No symbol) [0x00007FF6323F213D]
	(No symbol) [0x00007FF6323E1629]
	BaseThreadInitThunk [0x00007FFD46FB259D+29]
	RtlUserThreadStart [0x00007FFD47F8AF38+40]
</status>
</test>
<test id="s1-t6" name="TC_01_Data_driven_testing_of_patient_enrollment_form_using_excel" line="13">
<kw name="Begin Test" type="SETUP">
<kw name="Open Browser" owner="SeleniumLibrary">
<msg time="2024-11-22T15:53:10.707750" level="INFO">Opening browser 'gc' to base url 'https://form.jotform.com/202409063200136'.</msg>
<arg>${BASE_URL}</arg>
<arg>gc</arg>
<doc>Opens a new browser instance to the optional ``url``.</doc>
<status status="PASS" start="2024-11-22T15:53:10.707750" elapsed="10.262425"/>
</kw>
<kw name="Maximize Browser Window" owner="SeleniumLibrary">
<doc>Maximizes current browser window.</doc>
<status status="PASS" start="2024-11-22T15:53:20.970175" elapsed="0.051431"/>
</kw>
<status status="PASS" start="2024-11-22T15:53:10.707750" elapsed="10.313856"/>
</kw>
<kw name="Fill the new patient enrollment form">
<kw name="Input Text" owner="SeleniumLibrary">
<msg time="2024-11-22T15:53:21.021606" level="INFO">Typing text 'David Gold' into text field '//input[@id='first_3']'.</msg>
<arg>${LOCATOR_FIRST_NAME}</arg>
<arg>${FIRST_NAME}</arg>
<doc>Types the given ``text`` into the text field identified by ``locator``.</doc>
<status status="PASS" start="2024-11-22T15:53:21.021606" elapsed="0.373875"/>
</kw>
<kw name="Input Text" owner="SeleniumLibrary">
<msg time="2024-11-22T15:53:21.395481" level="INFO">Typing text 'Nil' into text field '//input[@id='last_3']'.</msg>
<arg>${LOCATOR_LAST_NAME}</arg>
<arg>${LAST_NAME}</arg>
<doc>Types the given ``text`` into the text field identified by ``locator``.</doc>
<status status="PASS" start="2024-11-22T15:53:21.395481" elapsed="0.216479"/>
</kw>
<kw name="Sleep" owner="BuiltIn">
<msg time="2024-11-22T15:53:26.612558" level="INFO">Slept 5 seconds.</msg>
<arg>5s</arg>
<doc>Pauses the test executed for the given time.</doc>
<status status="PASS" start="2024-11-22T15:53:21.611960" elapsed="5.000598"/>
</kw>
<kw name="Set Focus To Element" owner="SeleniumLibrary">
<arg>${LOCATOR_MONTH}</arg>
<doc>Sets the focus to the element identified by ``locator``.</doc>
<status status="PASS" start="2024-11-22T15:53:26.612558" elapsed="0.086069"/>
</kw>
<kw name="Click Element" owner="SeleniumLibrary">
<msg time="2024-11-22T15:53:26.698922" level="INFO">Clicking element '//select[@id='input_6_month']'.</msg>
<msg time="2024-11-22T15:53:28.067204" level="INFO" html="true">&lt;/td&gt;&lt;/tr&gt;&lt;tr&gt;&lt;td colspan="3"&gt;&lt;a href="selenium-screenshot-33.png"&gt;&lt;img src="selenium-screenshot-33.png" width="800px"&gt;&lt;/a&gt;</msg>
<msg time="2024-11-22T15:53:28.067204" level="FAIL">ElementClickInterceptedException: Message: element click intercepted: Element &lt;select name="q6_dateOf[month]" id="input_6_month" class="form-dropdown" data-component="birthdate-month" aria-labelledby="label_6 sublabel_6_month"&gt;...&lt;/select&gt; is not clickable at point (613, 513). Other element would receive the click: &lt;div&gt;&lt;/div&gt;
  (Session info: chrome=131.0.6778.86)
Stacktrace:
	GetHandleVerifier [0x00007FF632482775+28773]
	(No symbol) [0x00007FF6323EAFB0]
	(No symbol) [0x00007FF63228552A]
	(No symbol) [0x00007FF6322E0B5E]
	(No symbol) [0x00007FF6322DE5FC]
	(No symbol) [0x00007FF6322DB7E6]
	(No symbol) [0x00007FF6322DA741]
	(No symbol) [0x00007FF6322CC970]
	(No symbol) [0x00007FF6322FEF9A]
	(No symbol) [0x00007FF6322CC1C6]
	(No symbol) [0x00007FF6322FF1B0]
	(No symbol) [0x00007FF63231F1A4]
	(No symbol) [0x00007FF6322FED43]
	(No symbol) [0x00007FF6322CA548]
	(No symbol) [0x00007FF6322CB6B1]
	GetHandleVerifier [0x00007FF6327AF45D+3358029]
	GetHandleVerifier [0x00007FF6327C430D+3443709]
	GetHandleVerifier [0x00007FF6327B83FD+3394797]
	GetHandleVerifier [0x00007FF63254929B+842635]
	(No symbol) [0x00007FF6323F654F]
	(No symbol) [0x00007FF6323F1FA4]
	(No symbol) [0x00007FF6323F213D]
	(No symbol) [0x00007FF6323E1629]
	BaseThreadInitThunk [0x00007FFD46FB259D+29]
	RtlUserThreadStart [0x00007FFD47F8AF38+40]
</msg>
<arg>${LOCATOR_MONTH}</arg>
<doc>Click the element identified by ``locator``.</doc>
<status status="FAIL" start="2024-11-22T15:53:26.698922" elapsed="1.368282">ElementClickInterceptedException: Message: element click intercepted: Element &lt;select name="q6_dateOf[month]" id="input_6_month" class="form-dropdown" data-component="birthdate-month" aria-labelledby="label_6 sublabel_6_month"&gt;...&lt;/select&gt; is not clickable at point (613, 513). Other element would receive the click: &lt;div&gt;&lt;/div&gt;
  (Session info: chrome=131.0.6778.86)
Stacktrace:
	GetHandleVerifier [0x00007FF632482775+28773]
	(No symbol) [0x00007FF6323EAFB0]
	(No symbol) [0x00007FF63228552A]
	(No symbol) [0x00007FF6322E0B5E]
	(No symbol) [0x00007FF6322DE5FC]
	(No symbol) [0x00007FF6322DB7E6]
	(No symbol) [0x00007FF6322DA741]
	(No symbol) [0x00007FF6322CC970]
	(No symbol) [0x00007FF6322FEF9A]
	(No symbol) [0x00007FF6322CC1C6]
	(No symbol) [0x00007FF6322FF1B0]
	(No symbol) [0x00007FF63231F1A4]
	(No symbol) [0x00007FF6322FED43]
	(No symbol) [0x00007FF6322CA548]
	(No symbol) [0x00007FF6322CB6B1]
	GetHandleVerifier [0x00007FF6327AF45D+3358029]
	GetHandleVerifier [0x00007FF6327C430D+3443709]
	GetHandleVerifier [0x00007FF6327B83FD+3394797]
	GetHandleVerifier [0x00007FF63254929B+842635]
	(No symbol) [0x00007FF6323F654F]
	(No symbol) [0x00007FF6323F1FA4]
	(No symbol) [0x00007FF6323F213D]
	(No symbol) [0x00007FF6323E1629]
	BaseThreadInitThunk [0x00007FFD46FB259D+29]
	RtlUserThreadStart [0x00007FFD47F8AF38+40]
</status>
</kw>
<kw name="Sleep" owner="BuiltIn">
<arg>5s</arg>
<doc>Pauses the test executed for the given time.</doc>
<status status="NOT RUN" start="2024-11-22T15:53:28.067204" elapsed="0.000000"/>
</kw>
<kw name="Select From List By Index" owner="SeleniumLibrary">
<arg>${LOCATOR_MONTH}</arg>
<arg>${MONTH}</arg>
<doc>Selects options from selection list ``locator`` by ``indexes``.</doc>
<status status="NOT RUN" start="2024-11-22T15:53:28.067204" elapsed="0.000000"/>
</kw>
<kw name="Sleep" owner="BuiltIn">
<arg>5s</arg>
<doc>Pauses the test executed for the given time.</doc>
<status status="NOT RUN" start="2024-11-22T15:53:28.067204" elapsed="0.006007"/>
</kw>
<kw name="Set Focus To Element" owner="SeleniumLibrary">
<arg>${LOCATOR_DAY}</arg>
<doc>Sets the focus to the element identified by ``locator``.</doc>
<status status="NOT RUN" start="2024-11-22T15:53:28.073211" elapsed="0.000000"/>
</kw>
<kw name="Click Element" owner="SeleniumLibrary">
<arg>${LOCATOR_DAY}</arg>
<doc>Click the element identified by ``locator``.</doc>
<status status="NOT RUN" start="2024-11-22T15:53:28.073211" elapsed="0.000000"/>
</kw>
<kw name="Select From List By Index" owner="SeleniumLibrary">
<arg>${LOCATOR_DAY}</arg>
<arg>${DAY}</arg>
<doc>Selects options from selection list ``locator`` by ``indexes``.</doc>
<status status="NOT RUN" start="2024-11-22T15:53:28.073211" elapsed="0.000000"/>
</kw>
<kw name="Sleep" owner="BuiltIn">
<arg>3s</arg>
<doc>Pauses the test executed for the given time.</doc>
<status status="NOT RUN" start="2024-11-22T15:53:28.073211" elapsed="0.000000"/>
</kw>
<kw name="Set Focus To Element" owner="SeleniumLibrary">
<arg>${LOCATOR_YEAR}</arg>
<doc>Sets the focus to the element identified by ``locator``.</doc>
<status status="NOT RUN" start="2024-11-22T15:53:28.073211" elapsed="0.000000"/>
</kw>
<kw name="Click Element" owner="SeleniumLibrary">
<arg>${LOCATOR_YEAR}</arg>
<doc>Click the element identified by ``locator``.</doc>
<status status="NOT RUN" start="2024-11-22T15:53:28.073211" elapsed="0.000000"/>
</kw>
<kw name="Sleep" owner="BuiltIn">
<arg>3s</arg>
<doc>Pauses the test executed for the given time.</doc>
<status status="NOT RUN" start="2024-11-22T15:53:28.073211" elapsed="0.000000"/>
</kw>
<kw name="Select From List By Index" owner="SeleniumLibrary">
<arg>${LOCATOR_YEAR}</arg>
<arg>${YEAR}</arg>
<doc>Selects options from selection list ``locator`` by ``indexes``.</doc>
<status status="NOT RUN" start="2024-11-22T15:53:28.073211" elapsed="0.000000"/>
</kw>
<kw name="Continue filling the form - scroll again">
<status status="NOT RUN" start="2024-11-22T15:53:28.073211" elapsed="0.000000"/>
</kw>
<kw name="Continue filling the form - scroll once again">
<status status="NOT RUN" start="2024-11-22T15:53:28.073211" elapsed="0.000000"/>
</kw>
<arg>FIRST_NAME=David Gold</arg>
<arg>LAST_NAME=Nil</arg>
<arg>MONTH=7</arg>
<arg>DAY=6</arg>
<arg>YEAR=49</arg>
<arg>CONTACT_NUMBER=1234567895</arg>
<arg>SEX=2</arg>
<arg>EMAIL=suresh.pfizer-@domain.co.jp</arg>
<arg>MARITAL_STATUS_DROPDOWN=1</arg>
<arg>ON_MEDS=Zetomicine</arg>
<status status="FAIL" start="2024-11-22T15:53:21.021606" elapsed="7.051605">ElementClickInterceptedException: Message: element click intercepted: Element &lt;select name="q6_dateOf[month]" id="input_6_month" class="form-dropdown" data-component="birthdate-month" aria-labelledby="label_6 sublabel_6_month"&gt;...&lt;/select&gt; is not clickable at point (613, 513). Other element would receive the click: &lt;div&gt;&lt;/div&gt;
  (Session info: chrome=131.0.6778.86)
Stacktrace:
	GetHandleVerifier [0x00007FF632482775+28773]
	(No symbol) [0x00007FF6323EAFB0]
	(No symbol) [0x00007FF63228552A]
	(No symbol) [0x00007FF6322E0B5E]
	(No symbol) [0x00007FF6322DE5FC]
	(No symbol) [0x00007FF6322DB7E6]
	(No symbol) [0x00007FF6322DA741]
	(No symbol) [0x00007FF6322CC970]
	(No symbol) [0x00007FF6322FEF9A]
	(No symbol) [0x00007FF6322CC1C6]
	(No symbol) [0x00007FF6322FF1B0]
	(No symbol) [0x00007FF63231F1A4]
	(No symbol) [0x00007FF6322FED43]
	(No symbol) [0x00007FF6322CA548]
	(No symbol) [0x00007FF6322CB6B1]
	GetHandleVerifier [0x00007FF6327AF45D+3358029]
	GetHandleVerifier [0x00007FF6327C430D+3443709]
	GetHandleVerifier [0x00007FF6327B83FD+3394797]
	GetHandleVerifier [0x00007FF63254929B+842635]
	(No symbol) [0x00007FF6323F654F]
	(No symbol) [0x00007FF6323F1FA4]
	(No symbol) [0x00007FF6323F213D]
	(No symbol) [0x00007FF6323E1629]
	BaseThreadInitThunk [0x00007FFD46FB259D+29]
	RtlUserThreadStart [0x00007FFD47F8AF38+40]
</status>
</kw>
<kw name="Close Browser" owner="SeleniumLibrary" type="TEARDOWN">
<doc>Closes the current browser.</doc>
<status status="PASS" start="2024-11-22T15:53:28.077239" elapsed="5.101944"/>
</kw>
<status status="FAIL" start="2024-11-22T15:53:10.707750" elapsed="22.471995">ElementClickInterceptedException: Message: element click intercepted: Element &lt;select name="q6_dateOf[month]" id="input_6_month" class="form-dropdown" data-component="birthdate-month" aria-labelledby="label_6 sublabel_6_month"&gt;...&lt;/select&gt; is not clickable at point (613, 513). Other element would receive the click: &lt;div&gt;&lt;/div&gt;
  (Session info: chrome=131.0.6778.86)
Stacktrace:
	GetHandleVerifier [0x00007FF632482775+28773]
	(No symbol) [0x00007FF6323EAFB0]
	(No symbol) [0x00007FF63228552A]
	(No symbol) [0x00007FF6322E0B5E]
	(No symbol) [0x00007FF6322DE5FC]
	(No symbol) [0x00007FF6322DB7E6]
	(No symbol) [0x00007FF6322DA741]
	(No symbol) [0x00007FF6322CC970]
	(No symbol) [0x00007FF6322FEF9A]
	(No symbol) [0x00007FF6322CC1C6]
	(No symbol) [0x00007FF6322FF1B0]
	(No symbol) [0x00007FF63231F1A4]
	(No symbol) [0x00007FF6322FED43]
	(No symbol) [0x00007FF6322CA548]
	(No symbol) [0x00007FF6322CB6B1]
	GetHandleVerifier [0x00007FF6327AF45D+3358029]
	GetHandleVerifier [0x00007FF6327C430D+3443709]
	GetHandleVerifier [0x00007FF6327B83FD+3394797]
	GetHandleVerifier [0x00007FF63254929B+842635]
	(No symbol) [0x00007FF6323F654F]
	(No symbol) [0x00007FF6323F1FA4]
	(No symbol) [0x00007FF6323F213D]
	(No symbol) [0x00007FF6323E1629]
	BaseThreadInitThunk [0x00007FFD46FB259D+29]
	RtlUserThreadStart [0x00007FFD47F8AF38+40]
</status>
</test>
<test id="s1-t7" name="TC_01_Data_driven_testing_of_patient_enrollment_form_using_excel" line="13">
<kw name="Begin Test" type="SETUP">
<kw name="Open Browser" owner="SeleniumLibrary">
<msg time="2024-11-22T15:53:33.184760" level="INFO">Opening browser 'gc' to base url 'https://form.jotform.com/202409063200136'.</msg>
<arg>${BASE_URL}</arg>
<arg>gc</arg>
<doc>Opens a new browser instance to the optional ``url``.</doc>
<status status="PASS" start="2024-11-22T15:53:33.184760" elapsed="7.215380"/>
</kw>
<kw name="Maximize Browser Window" owner="SeleniumLibrary">
<doc>Maximizes current browser window.</doc>
<status status="PASS" start="2024-11-22T15:53:40.400140" elapsed="0.049580"/>
</kw>
<status status="PASS" start="2024-11-22T15:53:33.184760" elapsed="7.264960"/>
</kw>
<kw name="Fill the new patient enrollment form">
<kw name="Input Text" owner="SeleniumLibrary">
<msg time="2024-11-22T15:53:40.457783" level="INFO">Typing text 'Null' into text field '//input[@id='first_3']'.</msg>
<arg>${LOCATOR_FIRST_NAME}</arg>
<arg>${FIRST_NAME}</arg>
<doc>Types the given ``text`` into the text field identified by ``locator``.</doc>
<status status="PASS" start="2024-11-22T15:53:40.456250" elapsed="0.345905"/>
</kw>
<kw name="Input Text" owner="SeleniumLibrary">
<msg time="2024-11-22T15:53:40.802155" level="INFO">Typing text 'nil' into text field '//input[@id='last_3']'.</msg>
<arg>${LOCATOR_LAST_NAME}</arg>
<arg>${LAST_NAME}</arg>
<doc>Types the given ``text`` into the text field identified by ``locator``.</doc>
<status status="PASS" start="2024-11-22T15:53:40.802155" elapsed="0.333409"/>
</kw>
<kw name="Sleep" owner="BuiltIn">
<msg time="2024-11-22T15:53:46.135732" level="INFO">Slept 5 seconds.</msg>
<arg>5s</arg>
<doc>Pauses the test executed for the given time.</doc>
<status status="PASS" start="2024-11-22T15:53:41.135564" elapsed="5.000168"/>
</kw>
<kw name="Set Focus To Element" owner="SeleniumLibrary">
<arg>${LOCATOR_MONTH}</arg>
<doc>Sets the focus to the element identified by ``locator``.</doc>
<status status="PASS" start="2024-11-22T15:53:46.135732" elapsed="0.066398"/>
</kw>
<kw name="Click Element" owner="SeleniumLibrary">
<msg time="2024-11-22T15:53:46.202130" level="INFO">Clicking element '//select[@id='input_6_month']'.</msg>
<arg>${LOCATOR_MONTH}</arg>
<doc>Click the element identified by ``locator``.</doc>
<status status="PASS" start="2024-11-22T15:53:46.202130" elapsed="0.273306"/>
</kw>
<kw name="Sleep" owner="BuiltIn">
<msg time="2024-11-22T15:53:51.476412" level="INFO">Slept 5 seconds.</msg>
<arg>5s</arg>
<doc>Pauses the test executed for the given time.</doc>
<status status="PASS" start="2024-11-22T15:53:46.475436" elapsed="5.000976"/>
</kw>
<kw name="Select From List By Index" owner="SeleniumLibrary">
<msg time="2024-11-22T15:53:51.476412" level="INFO">Selecting options from selection list '//select[@id='input_6_month']' by index 8.</msg>
<arg>${LOCATOR_MONTH}</arg>
<arg>${MONTH}</arg>
<doc>Selects options from selection list ``locator`` by ``indexes``.</doc>
<status status="PASS" start="2024-11-22T15:53:51.476412" elapsed="0.351227"/>
</kw>
<kw name="Sleep" owner="BuiltIn">
<msg time="2024-11-22T15:53:56.828189" level="INFO">Slept 5 seconds.</msg>
<arg>5s</arg>
<doc>Pauses the test executed for the given time.</doc>
<status status="PASS" start="2024-11-22T15:53:51.827639" elapsed="5.000550"/>
</kw>
<kw name="Set Focus To Element" owner="SeleniumLibrary">
<arg>${LOCATOR_DAY}</arg>
<doc>Sets the focus to the element identified by ``locator``.</doc>
<status status="PASS" start="2024-11-22T15:53:56.828189" elapsed="0.044331"/>
</kw>
<kw name="Click Element" owner="SeleniumLibrary">
<msg time="2024-11-22T15:53:56.872520" level="INFO">Clicking element '//select[@id='input_6_day']'.</msg>
<arg>${LOCATOR_DAY}</arg>
<doc>Click the element identified by ``locator``.</doc>
<status status="PASS" start="2024-11-22T15:53:56.872520" elapsed="0.207241"/>
</kw>
<kw name="Select From List By Index" owner="SeleniumLibrary">
<msg time="2024-11-22T15:53:57.079761" level="INFO">Selecting options from selection list '//select[@id='input_6_day']' by index 7.</msg>
<arg>${LOCATOR_DAY}</arg>
<arg>${DAY}</arg>
<doc>Selects options from selection list ``locator`` by ``indexes``.</doc>
<status status="PASS" start="2024-11-22T15:53:57.079761" elapsed="0.226088"/>
</kw>
<kw name="Sleep" owner="BuiltIn">
<msg time="2024-11-22T15:54:00.307471" level="INFO">Slept 3 seconds.</msg>
<arg>3s</arg>
<doc>Pauses the test executed for the given time.</doc>
<status status="PASS" start="2024-11-22T15:53:57.306412" elapsed="3.001059"/>
</kw>
<kw name="Set Focus To Element" owner="SeleniumLibrary">
<arg>${LOCATOR_YEAR}</arg>
<doc>Sets the focus to the element identified by ``locator``.</doc>
<status status="PASS" start="2024-11-22T15:54:00.307471" elapsed="0.028854"/>
</kw>
<kw name="Click Element" owner="SeleniumLibrary">
<msg time="2024-11-22T15:54:00.337718" level="INFO">Clicking element '//select[@id='input_6_year']'.</msg>
<arg>${LOCATOR_YEAR}</arg>
<doc>Click the element identified by ``locator``.</doc>
<status status="PASS" start="2024-11-22T15:54:00.337078" elapsed="0.151940"/>
</kw>
<kw name="Sleep" owner="BuiltIn">
<msg time="2024-11-22T15:54:03.491520" level="INFO">Slept 3 seconds.</msg>
<arg>3s</arg>
<doc>Pauses the test executed for the given time.</doc>
<status status="PASS" start="2024-11-22T15:54:00.490422" elapsed="3.001098"/>
</kw>
<kw name="Select From List By Index" owner="SeleniumLibrary">
<msg time="2024-11-22T15:54:03.491520" level="INFO">Selecting options from selection list '//select[@id='input_6_year']' by index 50.</msg>
<arg>${LOCATOR_YEAR}</arg>
<arg>${YEAR}</arg>
<doc>Selects options from selection list ``locator`` by ``indexes``.</doc>
<status status="PASS" start="2024-11-22T15:54:03.491520" elapsed="0.816312"/>
</kw>
<kw name="Continue filling the form - scroll again">
<kw name="Sleep" owner="BuiltIn">
<msg time="2024-11-22T15:54:09.309890" level="INFO">Slept 5 seconds.</msg>
<arg>5s</arg>
<doc>Pauses the test executed for the given time.</doc>
<status status="PASS" start="2024-11-22T15:54:04.309843" elapsed="5.000047"/>
</kw>
<kw name="Execute Javascript" owner="SeleniumLibrary">
<msg time="2024-11-22T15:54:09.309890" level="INFO">Executing JavaScript:
window.scrollTo(0, document.body.scrollHeight)
Without any arguments.</msg>
<arg>window.scrollTo(0, document.body.scrollHeight)</arg>
<doc>Executes the given JavaScript code with possible arguments.</doc>
<status status="PASS" start="2024-11-22T15:54:09.309890" elapsed="0.016820"/>
</kw>
<kw name="Set Focus To Element" owner="SeleniumLibrary">
<arg>${LOCATOR_SEX}</arg>
<doc>Sets the focus to the element identified by ``locator``.</doc>
<status status="PASS" start="2024-11-22T15:54:09.326710" elapsed="0.044390"/>
</kw>
<kw name="Click Element" owner="SeleniumLibrary">
<msg time="2024-11-22T15:54:09.375472" level="INFO">Clicking element '//select[@id='input_231']'.</msg>
<arg>${LOCATOR_SEX}</arg>
<doc>Click the element identified by ``locator``.</doc>
<status status="PASS" start="2024-11-22T15:54:09.375472" elapsed="0.178403"/>
</kw>
<kw name="Select From List By Index" owner="SeleniumLibrary">
[...]
<status status="PASS" start="2024-11-22T16:01:56.800278" elapsed="0.031458"/>
</kw>
<kw name="Input Text" owner="SeleniumLibrary">
<msg time="2024-11-22T16:01:56.833653" level="INFO">Typing text 'reachparimi@gmail.com' into text field '//input[@id='input_225']'.</msg>
<arg>${LOCATOR_EMAIL}</arg>
<arg>reachparimi@gmail.com</arg>
<doc>Types the given ``text`` into the text field identified by ``locator``.</doc>
<status status="PASS" start="2024-11-22T16:01:56.833653" elapsed="0.282086"/>
</kw>
<status status="PASS" start="2024-11-22T16:01:50.943619" elapsed="6.172120"/>
</kw>
<kw name="Continue filling the form - scroll once again">
<kw name="Sleep" owner="BuiltIn">
<msg time="2024-11-22T16:02:02.115913" level="INFO">Slept 5 seconds.</msg>
<arg>5s</arg>
<doc>Pauses the test executed for the given time.</doc>
<status status="PASS" start="2024-11-22T16:01:57.115739" elapsed="5.000981"/>
</kw>
<kw name="Execute Javascript" owner="SeleniumLibrary">
<msg time="2024-11-22T16:02:02.116720" level="INFO">Executing JavaScript:
window.scrollTo(0, document.body.scrollHeight)
Without any arguments.</msg>
<arg>window.scrollTo(0, document.body.scrollHeight)</arg>
<doc>Executes the given JavaScript code with possible arguments.</doc>
<status status="PASS" start="2024-11-22T16:02:02.116720" elapsed="0.023668"/>
</kw>
<kw name="Set Focus To Element" owner="SeleniumLibrary">
<arg>${LOCATOR_MARITAL_STATUS_DROPDOWN}</arg>
<doc>Sets the focus to the element identified by ``locator``.</doc>
<status status="PASS" start="2024-11-22T16:02:02.148846" elapsed="0.066982"/>
</kw>
<kw name="Click Element" owner="SeleniumLibrary">
<msg time="2024-11-22T16:02:02.224987" level="INFO">Clicking element '//select[@id='input_232']'.</msg>
<arg>${LOCATOR_MARITAL_STATUS_DROPDOWN}</arg>
<doc>Click the element identified by ``locator``.</doc>
<status status="PASS" start="2024-11-22T16:02:02.224145" elapsed="0.234954"/>
</kw>
<kw name="Select From List By Index" owner="SeleniumLibrary">
<msg time="2024-11-22T16:02:02.459099" level="INFO">Selecting options from selection list '//select[@id='input_232']' by index 2.</msg>
<arg>${LOCATOR_MARITAL_STATUS_DROPDOWN}</arg>
<arg>2</arg>
<doc>Selects options from selection list ``locator`` by ``indexes``.</doc>
<status status="PASS" start="2024-11-22T16:02:02.459099" elapsed="0.268873"/>
</kw>
<kw name="Set Focus To Element" owner="SeleniumLibrary">
<arg>${LOCATOR_MEDICAL_HISTORY_INPUT_BOX}</arg>
<doc>Sets the focus to the element identified by ``locator``.</doc>
<status status="PASS" start="2024-11-22T16:02:02.727972" elapsed="0.097094"/>
</kw>
<kw name="Input Text" owner="SeleniumLibrary">
<msg time="2024-11-22T16:02:02.825066" level="INFO">Typing text 'sample text' into text field '//textarea[@id='input_22']'.</msg>
<arg>${LOCATOR_MEDICAL_HISTORY_INPUT_BOX}</arg>
<arg>sample text</arg>
<doc>Types the given ``text`` into the text field identified by ``locator``.</doc>
<status status="PASS" start="2024-11-22T16:02:02.825066" elapsed="0.262514"/>
</kw>
<kw name="Click Button" owner="SeleniumLibrary">
<msg time="2024-11-22T16:02:03.087580" level="INFO">Clicking button '//button[@id='input_2']'.</msg>
<arg>${LOCATOR_ENROLL_BUTTON}</arg>
<doc>Clicks the button identified by ``locator``.</doc>
<status status="PASS" start="2024-11-22T16:02:03.087580" elapsed="5.804038"/>
</kw>
<status status="PASS" start="2024-11-22T16:01:57.115739" elapsed="11.775879"/>
</kw>
<arg>FIRST_NAME=Dennis</arg>
<arg>LAST_NAME=Bergkamp</arg>
<arg>MONTH=5</arg>
<arg>DAY=15</arg>
<arg>YEAR=53</arg>
<arg>CONTACT_NUMBER=1234567904</arg>
<arg>SEX=3</arg>
<arg>EMAIL=dbergkamp@rrr.com</arg>
<arg>MARITAL_STATUS_DROPDOWN=5</arg>
<arg>ON_MEDS=DOLO500</arg>
<status status="PASS" start="2024-11-22T16:01:27.344590" elapsed="41.547028"/>
</kw>
<kw name="Close Browser" owner="SeleniumLibrary" type="TEARDOWN">
<doc>Closes the current browser.</doc>
<status status="PASS" start="2024-11-22T16:02:08.894130" elapsed="5.452639"/>
</kw>
<status status="PASS" start="2024-11-22T16:01:10.518190" elapsed="63.828579"/>
</test>
<test id="s1-t16" name="TC_01_Data_driven_testing_of_patient_enrollment_form_using_excel" line="13">
<kw name="Begin Test" type="SETUP">
<kw name="Open Browser" owner="SeleniumLibrary">
<msg time="2024-11-22T16:02:14.346769" level="INFO">Opening browser 'gc' to base url 'https://form.jotform.com/202409063200136'.</msg>
<arg>${BASE_URL}</arg>
<arg>gc</arg>
<doc>Opens a new browser instance to the optional ``url``.</doc>
<status status="PASS" start="2024-11-22T16:02:14.346769" elapsed="16.075852"/>
</kw>
<kw name="Maximize Browser Window" owner="SeleniumLibrary">
<doc>Maximizes current browser window.</doc>
<status status="PASS" start="2024-11-22T16:02:30.422621" elapsed="0.065899"/>
</kw>
<status status="PASS" start="2024-11-22T16:02:14.346769" elapsed="16.141751"/>
</kw>
<kw name="Fill the new patient enrollment form">
<kw name="Input Text" owner="SeleniumLibrary">
<msg time="2024-11-22T16:02:30.494661" level="INFO">Typing text 'Mezut' into text field '//input[@id='first_3']'.</msg>
<arg>${LOCATOR_FIRST_NAME}</arg>
<arg>${FIRST_NAME}</arg>
<doc>Types the given ``text`` into the text field identified by ``locator``.</doc>
<status status="PASS" start="2024-11-22T16:02:30.488520" elapsed="0.357949"/>
</kw>
<kw name="Input Text" owner="SeleniumLibrary">
<msg time="2024-11-22T16:02:30.847898" level="INFO">Typing text 'Ozil' into text field '//input[@id='last_3']'.</msg>
<arg>${LOCATOR_LAST_NAME}</arg>
<arg>${LAST_NAME}</arg>
<doc>Types the given ``text`` into the text field identified by ``locator``.</doc>
<status status="PASS" start="2024-11-22T16:02:30.846469" elapsed="0.247760"/>
</kw>
<kw name="Sleep" owner="BuiltIn">
<msg time="2024-11-22T16:02:36.095490" level="INFO">Slept 5 seconds.</msg>
<arg>5s</arg>
<doc>Pauses the test executed for the given time.</doc>
<status status="PASS" start="2024-11-22T16:02:31.094229" elapsed="5.001261"/>
</kw>
<kw name="Set Focus To Element" owner="SeleniumLibrary">
<arg>${LOCATOR_MONTH}</arg>
<doc>Sets the focus to the element identified by ``locator``.</doc>
<status status="PASS" start="2024-11-22T16:02:36.095490" elapsed="0.049813"/>
</kw>
<kw name="Click Element" owner="SeleniumLibrary">
<msg time="2024-11-22T16:02:36.148074" level="INFO">Clicking element '//select[@id='input_6_month']'.</msg>
<arg>${LOCATOR_MONTH}</arg>
<doc>Click the element identified by ``locator``.</doc>
<status status="PASS" start="2024-11-22T16:02:36.145303" elapsed="0.240641"/>
</kw>
<kw name="Sleep" owner="BuiltIn">
<msg time="2024-11-22T16:02:41.387177" level="INFO">Slept 5 seconds.</msg>
<arg>5s</arg>
<doc>Pauses the test executed for the given time.</doc>
<status status="PASS" start="2024-11-22T16:02:36.386167" elapsed="5.001010"/>
</kw>
<kw name="Select From List By Index" owner="SeleniumLibrary">
<msg time="2024-11-22T16:02:41.387177" level="INFO">Selecting options from selection list '//select[@id='input_6_month']' by index 6.</msg>
<arg>${LOCATOR_MONTH}</arg>
<arg>${MONTH}</arg>
<doc>Selects options from selection list ``locator`` by ``indexes``.</doc>
<status status="PASS" start="2024-11-22T16:02:41.387177" elapsed="0.293313"/>
</kw>
<kw name="Sleep" owner="BuiltIn">
<msg time="2024-11-22T16:02:46.681181" level="INFO">Slept 5 seconds.</msg>
<arg>5s</arg>
<doc>Pauses the test executed for the given time.</doc>
<status status="PASS" start="2024-11-22T16:02:41.680490" elapsed="5.000691"/>
</kw>
<kw name="Set Focus To Element" owner="SeleniumLibrary">
<arg>${LOCATOR_DAY}</arg>
<doc>Sets the focus to the element identified by ``locator``.</doc>
<status status="PASS" start="2024-11-22T16:02:46.681181" elapsed="0.030589"/>
</kw>
<kw name="Click Element" owner="SeleniumLibrary">
<msg time="2024-11-22T16:02:46.712780" level="INFO">Clicking element '//select[@id='input_6_day']'.</msg>
<arg>${LOCATOR_DAY}</arg>
<doc>Click the element identified by ``locator``.</doc>
<status status="PASS" start="2024-11-22T16:02:46.712780" elapsed="0.232803"/>
</kw>
<kw name="Select From List By Index" owner="SeleniumLibrary">
<msg time="2024-11-22T16:02:46.948253" level="INFO">Selecting options from selection list '//select[@id='input_6_day']' by index 16.</msg>
<arg>${LOCATOR_DAY}</arg>
<arg>${DAY}</arg>
<doc>Selects options from selection list ``locator`` by ``indexes``.</doc>
<status status="PASS" start="2024-11-22T16:02:46.948253" elapsed="0.385623"/>
</kw>
<kw name="Sleep" owner="BuiltIn">
<msg time="2024-11-22T16:02:50.334066" level="INFO">Slept 3 seconds.</msg>
<arg>3s</arg>
<doc>Pauses the test executed for the given time.</doc>
<status status="PASS" start="2024-11-22T16:02:47.333876" elapsed="3.000190"/>
</kw>
<kw name="Set Focus To Element" owner="SeleniumLibrary">
<arg>${LOCATOR_YEAR}</arg>
<doc>Sets the focus to the element identified by ``locator``.</doc>
<status status="PASS" start="2024-11-22T16:02:50.334066" elapsed="0.049368"/>
</kw>
<kw name="Click Element" owner="SeleniumLibrary">
<msg time="2024-11-22T16:02:50.391459" level="INFO">Clicking element '//select[@id='input_6_year']'.</msg>
<arg>${LOCATOR_YEAR}</arg>
<doc>Click the element identified by ``locator``.</doc>
<status status="PASS" start="2024-11-22T16:02:50.383434" elapsed="0.161676"/>
</kw>
<kw name="Sleep" owner="BuiltIn">
<msg time="2024-11-22T16:02:53.545665" level="INFO">Slept 3 seconds.</msg>
<arg>3s</arg>
<doc>Pauses the test executed for the given time.</doc>
<status status="PASS" start="2024-11-22T16:02:50.545110" elapsed="3.000555"/>
</kw>
<kw name="Select From List By Index" owner="SeleniumLibrary">
<msg time="2024-11-22T16:02:53.545665" level="INFO">Selecting options from selection list '//select[@id='input_6_year']' by index 49.</msg>
<arg>${LOCATOR_YEAR}</arg>
<arg>${YEAR}</arg>
<doc>Selects options from selection list ``locator`` by ``indexes``.</doc>
<status status="PASS" start="2024-11-22T16:02:53.545665" elapsed="0.978850"/>
</kw>
<kw name="Continue filling the form - scroll again">
<kw name="Sleep" owner="BuiltIn">
<msg time="2024-11-22T16:02:59.526809" level="INFO">Slept 5 seconds.</msg>
<arg>5s</arg>
<doc>Pauses the test executed for the given time.</doc>
<status status="PASS" start="2024-11-22T16:02:54.526071" elapsed="5.000738"/>
</kw>
<kw name="Execute Javascript" owner="SeleniumLibrary">
<msg time="2024-11-22T16:02:59.526809" level="INFO">Executing JavaScript:
window.scrollTo(0, document.body.scrollHeight)
Without any arguments.</msg>
<arg>window.scrollTo(0, document.body.scrollHeight)</arg>
<doc>Executes the given JavaScript code with possible arguments.</doc>
<status status="PASS" start="2024-11-22T16:02:59.526809" elapsed="0.020645"/>
</kw>
<kw name="Set Focus To Element" owner="SeleniumLibrary">
<arg>${LOCATOR_SEX}</arg>
<doc>Sets the focus to the element identified by ``locator``.</doc>
<status status="PASS" start="2024-11-22T16:02:59.547454" elapsed="0.062598"/>
</kw>
<kw name="Click Element" owner="SeleniumLibrary">
<msg time="2024-11-22T16:02:59.610052" level="INFO">Clicking element '//select[@id='input_231']'.</msg>
<arg>${LOCATOR_SEX}</arg>
<doc>Click the element identified by ``locator``.</doc>
<status status="PASS" start="2024-11-22T16:02:59.610052" elapsed="0.182745"/>
</kw>
<kw name="Select From List By Index" owner="SeleniumLibrary">
<msg time="2024-11-22T16:02:59.792797" level="INFO">Selecting options from selection list '//select[@id='input_231']' by index 1.</msg>
<arg>${LOCATOR_SEX}</arg>
<arg>1</arg>
<doc>Selects options from selection list ``locator`` by ``indexes``.</doc>
<status status="PASS" start="2024-11-22T16:02:59.792797" elapsed="0.231480"/>
</kw>
<kw name="Set Focus To Element" owner="SeleniumLibrary">
<arg>${LOCATOR_CONTACT_NUMBER}</arg>
<doc>Sets the focus to the element identified by ``locator``.</doc>
<status status="PASS" start="2024-11-22T16:03:00.024277" elapsed="0.100085"/>
</kw>
<kw name="Input Text" owner="SeleniumLibrary">
<msg time="2024-11-22T16:03:00.124362" level="INFO">Typing text '1234567890' into text field '//input[@id='input_235_full']'.</msg>
<arg>${LOCATOR_CONTACT_NUMBER}</arg>
<arg>1234567890</arg>
<doc>Types the given ``text`` into the text field identified by ``locator``.</doc>
<status status="PASS" start="2024-11-22T16:03:00.124362" elapsed="0.342981"/>
</kw>
<kw name="Set Focus To Element" owner="SeleniumLibrary">
<arg>${LOCATOR_EMAIL}</arg>
<doc>Sets the focus to the element identified by ``locator``.</doc>
<status status="PASS" start="2024-11-22T16:03:00.467343" elapsed="0.033811"/>
</kw>
<kw name="Input Text" owner="SeleniumLibrary">
<msg time="2024-11-22T16:03:00.501154" level="INFO">Typing text 'reachparimi@gmail.com' into text field '//input[@id='input_225']'.</msg>
<arg>${LOCATOR_EMAIL}</arg>
<arg>reachparimi@gmail.com</arg>
<doc>Types the given ``text`` into the text field identified by ``locator``.</doc>
<status status="PASS" start="2024-11-22T16:03:00.501154" elapsed="0.418831"/>
</kw>
<status status="PASS" start="2024-11-22T16:02:54.525027" elapsed="6.394958"/>
</kw>
<kw name="Continue filling the form - scroll once again">
<kw name="Sleep" owner="BuiltIn">
<msg time="2024-11-22T16:03:05.923468" level="INFO">Slept 5 seconds.</msg>
<arg>5s</arg>
<doc>Pauses the test executed for the given time.</doc>
<status status="PASS" start="2024-11-22T16:03:00.919985" elapsed="5.003483"/>
</kw>
<kw name="Execute Javascript" owner="SeleniumLibrary">
<msg time="2024-11-22T16:03:05.923468" level="INFO">Executing JavaScript:
window.scrollTo(0, document.body.scrollHeight)
Without any arguments.</msg>
<arg>window.scrollTo(0, document.body.scrollHeight)</arg>
<doc>Executes the given JavaScript code with possible arguments.</doc>
<status status="PASS" start="2024-11-22T16:03:05.923468" elapsed="0.017854"/>
</kw>
<kw name="Set Focus To Element" owner="SeleniumLibrary">
<arg>${LOCATOR_MARITAL_STATUS_DROPDOWN}</arg>
<doc>Sets the focus to the element identified by ``locator``.</doc>
<status status="PASS" start="2024-11-22T16:03:05.941322" elapsed="0.044655"/>
</kw>
<kw name="Click Element" owner="SeleniumLibrary">
<msg time="2024-11-22T16:03:05.985977" level="INFO">Clicking element '//select[@id='input_232']'.</msg>
<arg>${LOCATOR_MARITAL_STATUS_DROPDOWN}</arg>
<doc>Click the element identified by ``locator``.</doc>
<status status="PASS" start="2024-11-22T16:03:05.985977" elapsed="0.193487"/>
</kw>
<kw name="Select From List By Index" owner="SeleniumLibrary">
<msg time="2024-11-22T16:03:06.183263" level="INFO">Selecting options from selection list '//select[@id='input_232']' by index 2.</msg>
<arg>${LOCATOR_MARITAL_STATUS_DROPDOWN}</arg>
<arg>2</arg>
<doc>Selects options from selection list ``locator`` by ``indexes``.</doc>
<status status="PASS" start="2024-11-22T16:03:06.179464" elapsed="0.184284"/>
</kw>
<kw name="Set Focus To Element" owner="SeleniumLibrary">
<arg>${LOCATOR_MEDICAL_HISTORY_INPUT_BOX}</arg>
<doc>Sets the focus to the element identified by ``locator``.</doc>
<status status="PASS" start="2024-11-22T16:03:06.363748" elapsed="0.045669"/>
</kw>
<kw name="Input Text" owner="SeleniumLibrary">
<msg time="2024-11-22T16:03:06.410580" level="INFO">Typing text 'sample text' into text field '//textarea[@id='input_22']'.</msg>
<arg>${LOCATOR_MEDICAL_HISTORY_INPUT_BOX}</arg>
<arg>sample text</arg>
<doc>Types the given ``text`` into the text field identified by ``locator``.</doc>
<status status="PASS" start="2024-11-22T16:03:06.410580" elapsed="0.263656"/>
</kw>
<kw name="Click Button" owner="SeleniumLibrary">
<msg time="2024-11-22T16:03:06.674236" level="INFO">Clicking button '//button[@id='input_2']'.</msg>
<arg>${LOCATOR_ENROLL_BUTTON}</arg>
<doc>Clicks the button identified by ``locator``.</doc>
<status status="PASS" start="2024-11-22T16:03:06.674236" elapsed="5.639345"/>
</kw>
<status status="PASS" start="2024-11-22T16:03:00.919985" elapsed="11.393596"/>
</kw>
<arg>FIRST_NAME=Mezut</arg>
<arg>LAST_NAME=Ozil</arg>
<arg>MONTH=6</arg>
<arg>DAY=16</arg>
<arg>YEAR=49</arg>
<arg>CONTACT_NUMBER=1234567905</arg>
<arg>SEX=0</arg>
<arg>EMAIL=mo@rrr.com</arg>
<arg>MARITAL_STATUS_DROPDOWN=1</arg>
<arg>ON_MEDS=DOLO200</arg>
<status status="PASS" start="2024-11-22T16:02:30.488520" elapsed="41.825061"/>
</kw>
<kw name="Close Browser" owner="SeleniumLibrary" type="TEARDOWN">
<doc>Closes the current browser.</doc>
<status status="PASS" start="2024-11-22T16:03:12.313581" elapsed="5.247097"/>
</kw>
<status status="PASS" start="2024-11-22T16:02:14.346769" elapsed="63.213909"/>
</test>
<status status="FAIL" start="2024-11-22T15:48:54.578080" elapsed="862.982598"/>
</suite>
<statistics>
<total>
<stat pass="13" fail="3" skip="0">All Tests</stat>
</total>
<tag>
</tag>
<suite>
<stat pass="13" fail="3" skip="0" id="s1" name="dataDriven">dataDriven</stat>
</suite>
</statistics>
<errors>
<msg time="2024-11-22T15:48:56.170398" level="ERROR">Error in file 'C:\Code\robotFramework\test\dataDriven.robot' on line 5: Invalid resource file extension '.xlsx'. Supported extensions are '.json', '.resource', '.rest', '.robot', '.rsrc', '.rst', '.tsv' and '.txt'.</msg>
<msg time="2024-11-22T15:48:56.170398" level="ERROR">Error in file 'C:\Code\robotFramework\test\patientData.robot' on line 18: Setting variable '${LOCATOR_MONTH_OPTION_BY_VALUE}' failed: Variable '${MONTH}' not found.</msg>
<msg time="2024-11-22T15:49:52.551248" level="WARN">Multiple tests with name 'TC_01_Data_driven_testing_of_patient_enrollment_form_using_excel' executed in suite 'dataDriven'.</msg>
<msg time="2024-11-22T15:50:56.210513" level="WARN">Multiple tests with name 'TC_01_Data_driven_testing_of_patient_enrollment_form_using_excel' executed in suite 'dataDriven'.</msg>
<msg time="2024-11-22T15:51:55.529536" level="WARN">Multiple tests with name 'TC_01_Data_driven_testing_of_patient_enrollment_form_using_excel' executed in suite 'dataDriven'.</msg>
<msg time="2024-11-22T15:52:51.749629" level="WARN">Multiple tests with name 'TC_01_Data_driven_testing_of_patient_enrollment_form_using_excel' executed in suite 'dataDriven'.</msg>
<msg time="2024-11-22T15:53:10.707750" level="WARN">Multiple tests with name 'TC_01_Data_driven_testing_of_patient_enrollment_form_using_excel' executed in suite 'dataDriven'.</msg>
<msg time="2024-11-22T15:53:33.184760" level="WARN">Multiple tests with name 'TC_01_Data_driven_testing_of_patient_enrollment_form_using_excel' executed in suite 'dataDriven'.</msg>
<msg time="2024-11-22T15:54:28.468791" level="WARN">Multiple tests with name 'TC_01_Data_driven_testing_of_patient_enrollment_form_using_excel' executed in suite 'dataDriven'.</msg>
<msg time="2024-11-22T15:55:33.406592" level="WARN">Multiple tests with name 'TC_01_Data_driven_testing_of_patient_enrollment_form_using_excel' executed in suite 'dataDriven'.</msg>
<msg time="2024-11-22T15:56:37.200004" level="WARN">Multiple tests with name 'TC_01_Data_driven_testing_of_patient_enrollment_form_using_excel' executed in suite 'dataDriven'.</msg>
<msg time="2024-11-22T15:57:36.288638" level="WARN">Multiple tests with name 'TC_01_Data_driven_testing_of_patient_enrollment_form_using_excel' executed in suite 'dataDriven'.</msg>
<msg time="2024-11-22T15:57:58.184490" level="WARN">Multiple tests with name 'TC_01_Data_driven_testing_of_patient_enrollment_form_using_excel' executed in suite 'dataDriven'.</msg>
<msg time="2024-11-22T15:59:01.719828" level="WARN">Multiple tests with name 'TC_01_Data_driven_testing_of_patient_enrollment_form_using_excel' executed in suite 'dataDriven'.</msg>
<msg time="2024-11-22T16:00:06.610341" level="WARN">Multiple tests with name 'TC_01_Data_driven_testing_of_patient_enrollment_form_using_excel' executed in suite 'dataDriven'.</msg>
<msg time="2024-11-22T16:01:10.518190" level="WARN">Multiple tests with name 'TC_01_Data_driven_testing_of_patient_enrollment_form_using_excel' executed in suite 'dataDriven'.</msg>
<msg time="2024-11-22T16:02:14.346769" level="WARN">Multiple tests with name 'TC_01_Data_driven_testing_of_patient_enrollment_form_using_excel' executed in suite 'dataDriven'.</msg>
</errors>
</robot>
