<?xml version="1.0" encoding="UTF-8"?>
<robot generator="Robot 7.1.1 (Python 3.12.7 on win32)" generated="2024-11-21T10:40:28.507293" rpa="false" schemaversion="5">
<suite id="s1" name="keywordVariable" source="C:\Code\robotFramework\test\keywordVariable.robot">
<test id="s1-t1" name="Test Case 1" line="8">
<kw name="Set Variable" owner="BuiltIn">
<msg time="2024-11-21T10:40:29.518181" level="INFO">${variable_demo} = This is Test case variable</msg>
<var>${variable_demo}</var>
<arg>This is Test case variable</arg>
<doc>Returns the given values which can then be assigned to a variables.</doc>
<status status="PASS" start="2024-11-21T10:40:29.518181" elapsed="0.000000"/>
</kw>
<kw name="Log" owner="BuiltIn">
<msg time="2024-11-21T10:40:29.518181" level="INFO">This is Test case variable</msg>
<arg>${variable_demo}</arg>
<doc>Logs the given message with the given level.</doc>
<status status="PASS" start="2024-11-21T10:40:29.518181" elapsed="0.000000"/>
</kw>
<status status="PASS" start="2024-11-21T10:40:29.502440" elapsed="0.015741"/>
</test>
<test id="s1-t2" name="Test Case 2" line="11">
<kw name="Log" owner="BuiltIn">
<msg time="2024-11-21T10:40:29.518181" level="FAIL">Variable '${VARIABLE_DEMO}' not found.</msg>
<arg>${VARIABLE_DEMO}</arg>
<doc>Logs the given message with the given level.</doc>
<status status="FAIL" start="2024-11-21T10:40:29.518181" elapsed="0.000000">Variable '${VARIABLE_DEMO}' not found.</status>
</kw>
<status status="FAIL" start="2024-11-21T10:40:29.518181" elapsed="0.000000">Variable '${VARIABLE_DEMO}' not found.</status>
</test>
<test id="s1-t3" name="Test Case 3" line="13">
<kw name="This is demo keyword">
<kw name="Log" owner="BuiltIn">
<msg time="2024-11-21T10:40:29.518181" level="INFO">This is keyword variable</msg>
<arg>${VARIABLE_DEMO}</arg>
<doc>Logs the given message with the given level.</doc>
<status status="PASS" start="2024-11-21T10:40:29.518181" elapsed="0.000000"/>
</kw>
<status status="PASS" start="2024-11-21T10:40:29.518181" elapsed="0.000000"/>
</kw>
<status status="PASS" start="2024-11-21T10:40:29.518181" elapsed="0.000000"/>
</test>
<status status="FAIL" start="2024-11-21T10:40:28.523065" elapsed="0.995116"/>
</suite>
<statistics>
<total>
<stat pass="2" fail="1" skip="0">All Tests</stat>
</total>
<tag>
</tag>
<suite>
<stat pass="2" fail="1" skip="0" id="s1" name="keywordVariable">keywordVariable</stat>
</suite>
</statistics>
<errors>
</errors>
</robot>
